24
99
5494
96240000
29512203
6349120
3490810
29539801
2548764
44202742
1583438
7115017
450235
35134886
33860809
8578596
6076538
2760265
17732216
6839978
2372679
442007
32806803
32511355
10645825
8003369
48367987
15758065
4134331
30087323
11138940
31872545
2391447
6909206
1471465
51625226
29314164
32566320
7550985
41910825
22669539
6831012
16087424
1459272
1813546
13394593
28166626
7485703
2320610
1321344
4714776
35352134
38177339
3165666
6098604
42997384
7440887
25518040
2633239
12817621
1189404
5640174
3636807
35681199
37767192
2086681
5345588
6454
1684
5946044
16618071
14124812
18417959
26283678
14260843
2573279
12561873
45874155
38183045
13613130
948205
3864435
799332
3437377
174677
45032355
5002090
32274955
10319268
29883585
5166603
17842800
1760552
4525562
44151529
11721767
10964855
22983128
21881
3189080
