35 / 2
154 / 3
9
164126 / 3
154672 / 3
50520
17263
131061
5360
133869 / 2
81573 / 2
16458
80790
47424
12280
131078
4611
96365 / 2
37951
19142
9133
29180
291995 / 3
239291 / 3
101819 / 2
349324 / 3
98760
60742 / 3
104190
245530 / 3
19832
277781 / 3
7494
1003 / 3
198146 / 3
76617 / 2
2811
38046
127088
1858 / 3
9430
80824 / 3
128255 / 2
62841
265510 / 3
99029
171032 / 3
33792
16031 / 3
24936
7448
102
28941
97073
44462
71691
117140
101534
43624
95501
126524
39482
24355
64739
29302
53037
119890
3063
9445
15554
72749 / 3
4951 / 2
8277
28246 / 3
11267
6651
44157
30730
35632
328315 / 3
50112
5691
52782
2263 / 3
104845 / 3
9110
85042 / 3
76246
87701
1872
130753 / 2
28609 / 3
68374 / 3
149250
13347
890
60795
53300
1
4
