5.00 -1
2.13 -1
5.00 -51
2.31 1
5.12 3
9.20 3
1.03 4
2.01 4
4.90 3
1.20 4
1.50 2
1.09 3
8.01 2
1.44 4
1.83 1
1.10 2
9.95 3
1.20 4
3.61 3
5.20 3
1.14 3
2.06 4
5.14 3
2.09 4
2.90 4
2.52 3
3.56 3
5.92 3
2.16 4
3.27 4
7.86 3
2.59 3
6.54 2
1.14 3
1.25 3
2.65 2
2.47 3
1.33 4
1.99 4
3.26 3
1.14 4
1.42 4
2.64 3
7.56 3
1.47 4
6.78 3
1.12 3
1.12 4
1.68 4
8.51 3
3.64 3
1.02 3
1.16 4
4.59 3
4.20 3
6.88 3
9.84 2
2.16 4
4.40 3
1.57 4
1.12 3
1.27 4
2.57 3
9.73 3
5.21 3
1.69 4
1.12 4
1.48 3
9.61 2
1.12 4
1.46 3
2.87 4
6.23 3
5.80 3
8.80 3
4.06 3
9.59 3
1.37 4
4.89 3
1.09 4
1.46 4
8.95 2
9.48 2
3.38 3
1.73 4
4.26 3
3.40 3
2.68 3
9.68 3
3.15 3
3.37 3
1.94 4
1.47 4
1.20 3
3.23 0
2.25 4
7.98 2
2.59 2
1.69 3
1.69 4
1.32 3
2.89 3
6.62 3
1.92 3
1.76 3
1.11 4
1.93 3
2.66 3
1.99 3
1.26 3
4.12 2
2.35 3
2.51 3
4.13 3
1.47 4
8.35 3
1.67 3
4.00 3
2.62 3
3.33 3
1.19 3
1.13 4
2.44 3
1.34 4
9.24 2
1.80 3
5.38 2
3.22 3
6.51 1
9.39 3
1.79 3
1.17 3
2.45 3
2.27 4
6.73 3
2.15 2
1.00 4
1.36 3
5.59 2
1.99 3
1.37 3
3.04 3
5.06 3
7.28 3
5.40 1
1.77 3
5.98 3
5.41 3
7.06 3
2.85 2
1.42 4
1.68 1
2.34 3
1.22 4
5.20 1
3.12 3
2.28 2
1.31 3
1.40 4
8.42 3
2.69 3
4.57 2
7.93 2
3.11 3
2.55 2
1.01 3
1.83 4
5.42 3
5.54 3
1.02 3
1.41 2
6.95 2
1.76 3
5.60 2
7.26 0
4.02 3
1.12 4
1.02 4
1.47 1
6.56 3
1.18 3
9.23 3
1.97 2
8.94 3
3.98 2
4.85 0
1.20 3
1.22 4
9.56 3
2.35 3
6.88 2
1.28 3
1.01 3
1.28 3
5.48 3
1.83 3
6.41 2
2.84 3
9.07 2
4.26 3
2.74 3
1.06 1
4.10 3
4.22 -4
9.45 -3
3.72 -2
1.58 0
9.04 -2
5.52 -1
5.31 -1
9.95 -1
3.77 -2
2.07 -1
7.46 -1
3.25 -1
4.19 -2
7.32 -4
9.46 -2
3.28 -3
7.59 -3
4.15 -3
2.94 -1
5.47 -1
3.10 -1
3.64 -1
5.61 -2
1.58 0
4.74 -1
1.06 -1
2.29 -1
5.97 -1
8.92 -4
4.57 -2
1.06 0
1.10 0
9.47 -2
2.70 -1
1.79 -1
2.37 -1
8.39 -1
4.32 -2
1.27 -2
1.02 0
1.36 -1
4.03 -2
4.50 -2
2.84 -1
1.64 -2
1.63 -4
4.35 -4
1.69 -1
1.35 -2
9.05 -3
8.13 -2
5.60 -1
4.12 -1
1.23 -2
1.00 -2
6.10 -1
4.73 -1
6.57 -1
8.19 -2
7.08 -3
4.74 -4
2.12 -1
1.97 -2
8.88 -5
1.82 -1
6.31 -1
7.74 -2
1.47 0
1.02 0
3.96 -3
3.69 -1
3.14 -2
1.19 -3
2.38 -4
8.89 -4
1.50 0
2.93 -1
7.10 -1
7.47 -1
9.50 -3
4.33 -1
3.96 -1
6.42 -1
1.93 -1
3.37 -5
2.62 -2
2.83 -1
4.21 -2
6.23 -1
1.03 -1
6.84 -1
1.36 0
1.20 -1
1.38 0
1.37 0
5.47 -2
1.03 -1
1.27 -1
7.17 -2
3.87 -1
3.74 -1
3.82 -2
9.67 -2
1.69 -3
8.93 -2
2.48 -2
3.20 -1
1.59 -1
8.87 -2
8.73 -4
2.89 -7
1.62 -1
5.86 -3
2.80 -1
1.19 0
3.57 -3
3.32 -1
1.17 -2
2.39 0
4.75 -1
1.93 0
3.33 0
4.21 -1
8.95 -2
9.67 -8
1.57 -2
6.15 -2
3.87 -3
2.01 -5
1.16 -2
5.90 -1
1.90 -3
2.07 -3
6.07 -2
9.74 -1
1.15 -1
2.74 -1
5.40 -1
1.54 -1
1.82 0
2.05 0
7.62 -2
1.59 -1
1.02 0
1.25 0
1.33 0
1.51 -1
1.98 0
2.28 -1
2.38 -1
5.41 -2
6.20 -3
2.35 -3
4.05 -3
5.58 -2
6.54 -3
1.36 -1
3.59 -2
4.49 -2
5.52 -1
7.40 -4
4.50 -1
1.24 0
1.26 0
2.47 -1
5.86 -1
3.95 -2
2.01 -3
1.16 -3
1.00 -2
1.48 -1
2.33 0
3.52 -1
1.87 0
8.89 -3
2.31 -2
4.84 -2
1.74 -3
1.57 -1
5.75 -6
5.26 -1
1.49 -1
3.97 -2
2.27 -2
9.44 -1
3.65 -1
9.11 -2
8.61 -2
2.17 -3
2.70 0
1.09 -1
5.61 -3
2.99 -3
1.74 -4
8.54 -4
7.24 -1
3.07 -1
2.24 -2
4.24 -4
1.14 -1
6.30 -45
6.40 -44
3.87 -45
2.61 -42
5.82 -44
1.94 -45
3.32 -44
5.67 -43
7.82 -43
3.19 -42
4.61 -45
1.10 -43
1.70 -45
1.57 -42
1.62 -44
1.69 -42
1.49 -45
6.78 -48
5.58 -44
1.63 -43
1.95 -46
6.99 -44
2.31 -43
2.58 -42
6.83 -44
4.97 -46
3.97 -45
1.66 -43
5.42 -44
3.34 -44
2.78 -43
1.53 -46
2.23 -44
9.45 -43
4.88 -43
2.80 -44
8.01 -50
2.25 -43
5.10 -45
1.42 -45
1.78 -43
9.07 -43
1.22 -43
5.40 -45
1.93 -43
1.74 -46
6.46 -43
3.64 -43
4.50 -46
1.67 -43
2.71 -43
2.73 -46
3.36 -42
5.19 -44
4.13 -44
8.02 -45
1.68 -42
1.10 -44
7.74 -44
4.93 -43
3.47 -44
1.46 -45
1.86 -45
4.84 -46
5.97 -44
1.09 -45
1.42 -43
4.85 -43
1.87 -43
8.94 -43
1.06 -42
1.28 -43
3.15 -43
1.27 -43
3.02 -48
1.07 -45
1.30 -43
4.23 -43
2.34 -42
1.81 -45
1.05 -47
8.33 -44
1.18 -44
1.74 -46
7.15 -44
2.21 -45
2.95 -44
1.14 -43
1.68 -42
8.14 -45
9.58 -43
1.77 -44
1.64 -43
8.21 -44
1.63 -42
1.37 -45
1.63 -43
4.50 -44
2.14 -42
1.88 -44
