NO SOLUTION
2
0 1 1
2
2 2 1
2
1 1 1
7
1 1 1 1 1 1 0 1
7
0 0 0 0 0 0 0 1
7
0 1 0 1 0 0 1 1
97
8252 8994 11089 2985 4248 2530 304 7953 254 6927 5233 6342 8227 11909 11149 838 7622 3430 5989 11346 9057 10798 7204 9026 11420 11835 2647 3982 1734 7528 3418 11905 114 915 9239 802 181 3281 9865 2131 6356 9658 7801 5415 7208 45 7193 4264 11366 2716 719 823 11083 2331 2054 4269 398 9860 10674 1401 2341 173 6546 9916 6299 4522 6115 329 2467 3649 4696 7051 8115 11766 7112 11545 12127 932 2191 7957 10156 3015 7489 1695 12280 8061 10737 11842 7402 9916 7040 11358 2586 11312 11136 3392 1076 4596
80
1697 3884 1643 1121 2871 1193 3726 1629 3469 3043 3870 2241 439 3760 2800 2094 1387 64 146 3683 1649 4206 2475 3790 1431 1871 2482 2890 1691 2694 3734 733 514 205 1715 1961 1742 1910 2039 83 3235 40 2873 1106 3042 3622 793 380 1044 620 1280 2023 2059 2168 1851 3057 2358 3858 289 160 424 140 2600 1600 537 2695 1349 359 4173 3449 3788 2617 3684 1824 2265 1324 2829 656 791 1602 3781
72
11133 1779 16883 8321 20061 18997 8800 21085 10122 325 4121 19615 6205 15058 19427 2090 14193 13967 22891 14105 17619 12643 13182 11896 13209 1544 6599 1210 13480 21234 18262 6769 10244 22242 5387 1439 6694 6151 6165 15133 2305 20011 7313 5758 6840 5174 2212 13332 7166 14464 2527 2440 1229 12985 9923 6952 15498 6862 6187 17943 8996 6652 19237 15534 9143 9814 13408 2289 20787 8388 14795 7923 18307
77
20669 5632 27636 23332 26880 7822 3222 13517 11106 17647 18304 24877 1787 17037 26708 4436 10546 7444 14883 7006 659 24801 2454 5903 15477 30628 27947 13690 11094 2782 874 25099 8108 17547 10070 23486 13367 21250 8998 28402 21338 11206 24927 13880 2503 6450 19774 19138 8123 17802 17284 23473 21105 3227 20287 9025 27598 807 20351 19288 22345 28140 30475 15170 1923 14392 25318 16573 20377 8707 28696 2160 9644 180 7597 9330 25657 27883
46
8350 6678 8019 5006 2122 482 1976 1527 3020 6175 8841 7308 223 4261 8146 4934 5628 3962 1090 8964 8804 1138 8007 7470 8592 3438 7379 6663 8087 1052 4078 7824 4064 1 789 5913 9063 349 3178 2553 3394 3601 4243 6229 6885 661 4626
88
291 2416 473 1281 716 733 1573 571 907 673 2121 434 2806 383 1717 2399 2766 89 62 2295 883 1084 2468 1628 2588 8 2155 2862 1474 2622 2003 509 1698 2393 2011 613 1254 1414 2579 2109 2067 1415 352 475 1853 279 1711 664 2396 1086 2295 373 1349 1157 340 1551 1935 2710 1812 1616 1638 2216 2339 541 2133 1850 2140 2337 1186 1525 409 1913 1766 131 2194 194 840 96 2189 1183 1520 936 2516 1021 2335 1805 115 348 846
80
21438 13538 12309 18047 23461 18555 16404 10527 24396 636 7523 759 20908 14994 389 16377 16079 3244 22032 4577 21515 2016 3636 24260 20404 21691 20058 15737 20889 23407 20426 11356 5059 20336 17031 15923 2726 24888 20282 18093 13813 1693 25070 13342 9249 22717 15032 18236 23070 14148 16976 4234 12893 19362 24499 10079 13722 23501 13106 968 18138 18488 10730 25523 10751 23757 16312 19482 21179 2294 22386 1862 23800 4288 707 25537 13328 23527 16120 5909 23202
93
137 151 196 39 0 14 176 59 113 178 2 134 217 3 215 183 140 151 39 106 140 2 61 109 136 9 16 188 142 183 186 97 74 136 238 97 224 63 232 87 216 124 211 210 111 68 8 101 231 170 61 52 172 164 142 198 44 23 96 225 211 95 59 83 163 173 228 183 114 124 27 128 151 150 190 220 230 191 160 45 76 52 120 115 86 81 135 33 106 128 165 80 54 239
68
16031 12919 14221 16821 15250 1147 17247 12156 591 3228 8499 8363 5999 10227 8548 11579 3618 12527 16206 16961 8332 13284 14260 9117 858 9796 17538 10720 4980 7178 4043 17802 5336 6667 12451 9067 441 12694 17815 15676 7856 9136 6764 3312 3746 7571 7256 3832 5946 6879 17007 13515 15947 15742 14097 1412 17389 7717 14714 7971 11525 4697 4238 13397 9264 5825 11574 1660 16901
96
964 1455 2439 180 1273 1422 1163 1158 1632 730 2187 254 56 2402 2228 2194 2085 2450 500 1234 849 1811 886 926 323 986 1868 1590 519 599 1004 453 519 894 1583 756 1762 1916 1697 2306 1000 2369 377 1345 58 782 722 1250 1105 1671 775 688 1444 1497 1563 1460 1754 106 2416 824 1857 479 1510 1392 1523 1243 2045 1861 267 1964 939 2303 2481 2455 886 629 2038 2543 1100 2046 1314 1477 871 1140 2079 817 722 501 1255 1498 2432 52 1227 239 756 1258 1994
58
4882 17317 10204 5733 13716 1833 6128 12389 2973 14011 10810 14957 1617 6892 13564 9034 2758 2107 7827 6467 6822 2325 15827 397 10815 2888 95 16814 8039 302 9544 12791 10939 7358 7643 15292 4961 9784 11016 10600 11375 17563 2467 16639 11309 612 10867 17422 7593 12529 3250 14974 13448 14363 6023 14220 10714 4229 16463
42
4731 3990 4939 285 2556 3955 867 1330 2611 4069 4510 5251 4102 4277 4804 2783 3134 4781 3212 3429 1126 3807 897 2898 5042 2954 1830 1551 817 2694 86 4009 886 1137 1721 2272 3597 4461 3435 3746 30 1718 5350
81
14111 5066 8724 264 13783 6661 7211 10423 5862 9219 5436 10693 11290 7418 9609 7536 11957 2306 8411 4222 1128 9561 9090 12410 170 1146 11674 1564 12468 12510 9077 12121 12206 6671 9240 1706 10858 3684 10983 5427 8003 2094 12122 13142 2428 9926 8409 8635 3947 827 10013 8715 103 861 2932 9430 9026 6418 243 14167 1650 3738 7283 7831 13060 11563 12714 13754 10696 9089 3680 121 10678 7822 6759 634 2091 771 8367 6238 2116 41
80
1645 1409 938 1147 2537 403 170 1144 791 1741 495 1371 2230 1593 1677 2076 1106 1479 1443 1066 1057 266 304 712 2436 206 1376 1623 2459 47 354 221 1595 1991 34 2174 1809 1477 2447 789 2480 301 1373 2652 1183 2478 1391 16 2356 1986 308 544 2133 1437 746 2328 765 932 2234 2162 588 2393 1392 483 1845 1051 761 392 1702 2370 2533 1367 1428 434 1512 2491 918 2449 238 1056 837
89
10025 10950 3868 3730 1040 12431 434 13178 14316 4077 14577 12106 14568 3070 861 6319 4014 6764 1793 11892 4753 9232 8035 6745 4975 1648 636 6459 5671 4747 8391 5302 13460 8254 6348 3560 715 8049 9170 462 5654 9154 73 12296 14667 14016 4407 9914 6251 14041 1691 8920 635 13370 5138 13360 8589 10842 5868 6009 12108 15020 2018 7421 4527 7877 9188 13452 3362 6563 14853 11951 7166 13249 5822 13558 13103 4567 10988 4535 8859 15095 8717 7471 4873 10241 13892 7544 5486 3827
69
2637 6022 6266 5599 6004 2637 4218 2137 3841 5903 743 6059 4269 1707 1779 1766 830 4200 5683 1923 291 2642 1789 1702 883 4106 2525 1428 4568 928 6132 984 6280 5306 3190 1418 4427 2659 4784 1335 1274 4025 701 2874 135 1241 6026 371 5436 4595 4519 4481 1556 2817 5435 57 4481 4227 2738 1814 3844 3117 2474 5757 2785 2395 5270 4012 4085 4191
87
247 16279 22500 26289 29272 12069 698 25585 14664 19560 17978 15585 15797 25047 28478 11371 2727 23002 1082 16586 14266 1248 14577 18881 3394 18495 15752 12365 9531 13175 27088 28624 28352 18112 6507 16298 16635 14727 8059 9437 975 10309 384 20422 5175 11383 19829 10623 22470 10061 12527 1195 18702 22448 10765 6705 23258 28592 14088 4766 24237 13899 1697 18399 2698 4379 2948 11774 11567 14980 9354 12383 29076 6717 20185 9475 20999 29153 7739 28279 14444 24308 24219 15888 8183 36 6828 4661
76
1660 490 23 815 1929 626 4593 3062 2298 4950 3275 3589 2775 3721 4812 637 106 1604 2147 703 2255 64 2433 351 679 241 20 914 3082 3073 2516 980 180 2776 2771 1946 182 133 2839 1387 1988 3015 4468 1094 998 1617 3680 128 3820 1641 133 349 3097 1391 2640 4309 5088 4079 4758 3606 1477 5458 1176 5139 5215 347 1085 4902 4917 3549 3849 3449 2641 1793 2289 1524 3576
57
1728 266 3737 3917 4132 3997 363 4048 4209 2203 2782 1694 1830 2954 4164 3263 1889 2545 578 3865 62 590 1293 3052 3515 3543 3440 1923 65 340 2432 1338 3161 424 2726 1107 4019 1460 4039 1503 2681 617 3050 3528 2055 914 937 3129 930 3801 2423 1219 3965 2985 3110 575 3848 3648
94
16776 9599 8847 9018 6521 1930 8544 3800 15487 11004 15893 8476 9716 5509 13750 16609 16839 1964 3571 1297 3663 15851 7016 6606 9603 12067 11095 6776 9801 14892 15222 8974 2803 15447 11720 13773 7211 8480 17771 6657 10011 7368 14144 17487 8726 6682 17141 2755 8517 244 17010 4952 2266 8679 11555 4560 17668 290 11913 16217 7969 11059 15982 10364 10171 13520 10192 11057 16893 16127 6541 6537 5325 11708 8928 338 7675 16454 3927 7060 7821 7260 16234 16576 11989 9605 17062 15727 17609 10910 14691 1493 10771 7747 1547
87
3901 6105 588 10174 2081 9488 2709 8037 7468 12380 7509 3030 3067 4108 7719 1456 401 10686 5886 12734 10376 3985 11573 4658 4877 10455 156 7634 7143 5024 12255 776 3808 783 5211 5108 321 4640 10580 8820 1485 10456 6940 1993 7357 5476 310 5862 9492 1377 6831 8380 8296 4961 3641 11274 10605 1843 2722 7556 653 10993 5101 7402 6905 7491 6487 6363 3736 1970 9361 8747 9273 8724 1775 211 4881 8448 2351 11371 57 3583 7111 12697 8613 830 8341 5538
45
601 5035 20350 16073 16079 15042 65 11284 13515 6221 11205 19245 14216 7833 14943 4783 19812 13465 18846 3200 8424 14646 10059 10320 7288 12427 8748 7019 15632 12937 15528 15676 13868 14386 14268 20831 15204 3870 5951 6029 16617 17808 20313 9714 12589 4367
85
563 2553 1422 1986 987 1844 1690 1214 2143 1750 1513 1335 2197 1636 2118 1451 1600 802 1789 266 992 1959 259 2701 1846 2711 399 2729 423 1107 1713 805 1522 499 142 2411 1721 2410 400 2643 1607 1739 2214 615 235 822 1345 521 1814 2621 2251 2409 345 1607 743 235 2720 1933 2237 964 2017 680 386 1603 2652 1667 642 641 1441 875 1675 1331 845 1753 1230 1924 1268 2618 464 65 417 870 1345 1329 2179 654
63
1252 2334 2545 1839 781 269 743 668 1608 3029 2651 3804 2014 817 1344 1097 1165 757 744 862 352 1496 1455 1936 468 3598 3914 1956 1620 933 3219 1263 797 2375 2291 1859 3031 3995 3455 3465 197 1679 761 1707 3681 1995 1851 3560 2056 2643 3731 2384 711 3913 659 1174 748 2546 1648 830 2793 1226 1243 2604
77
54 22 53 52 39 18 41 42 39 9 58 12 9 1 11 19 27 49 41 32 58 45 40 47 5 48 13 20 43 51 29 54 47 58 36 16 23 30 46 7 58 37 21 44 38 48 57 43 12 36 34 46 23 15 46 5 19 8 26 38 25 11 44 8 21 28 33 9 44 30 16 13 26 48 0 52 20 42
83
4635 1421 11942 2335 12016 11290 15073 3262 10599 5305 368 14755 548 4473 8671 801 4018 5490 4755 11575 2742 13417 1139 13128 12111 10758 4173 6593 10895 6240 8404 11374 12112 11072 7087 8434 9592 3532 1662 13721 13142 6196 98 12539 11859 423 7475 1482 11310 1341 3216 1452 8820 3949 2350 11530 8360 5609 12697 9513 9177 12389 6912 6523 12528 4218 2092 14802 13282 317 3029 268 7341 12214 10928 14779 10241 1780 1817 6598 6511 14126 6950 7365
41
2566 2820 2341 2414 3495 2247 331 3613 1024 2202 2614 3800 173 1414 2370 3106 1648 1831 3057 822 3312 1870 2499 1334 30 3753 1787 4064 3044 3487 1885 2065 1077 3851 3818 1967 542 2137 2181 714 3546 89
95
6051 1314 8174 10136 9463 8532 8841 2509 866 11064 6331 3225 7605 1745 11170 8743 8062 6762 12122 3939 698 3390 7766 2613 4704 12182 7558 3228 10609 8345 6584 483 1665 10337 3570 3211 7091 1914 5342 10873 5082 1088 88 4933 1085 11750 4863 9729 2514 1148 7652 9817 10904 2699 7115 9489 10767 5757 10137 9108 3207 11091 4209 5490 11590 8883 9098 10363 11785 10210 5712 10010 9589 10331 1704 10889 10708 11370 1231 11369 5874 2965 10768 10684 12355 11924 11992 8007 9002 497 11916 8209 9664 574 3051 40
52
629 204 201 601 344 543 509 270 256 541 267 208 631 221 751 332 857 51 866 862 123 487 694 710 374 58 790 558 267 108 611 18 523 364 260 464 40 245 472 801 122 491 48 492 327 85 149 97 4 855 146 477 813
44
12012 11704 3298 11191 8516 16252 1966 15303 13640 9794 9759 12038 5384 14638 3214 4935 5306 9271 713 11631 706 2670 2633 8523 3634 11248 11943 14271 5563 7868 16262 545 3941 7733 9912 4998 7079 12420 15196 8851 4036 2359 192 8371 13595
63
1979 8114 4200 4017 937 5573 3438 13798 720 8900 1730 12454 14255 1386 8269 792 6456 13130 5061 8870 4755 1088 6787 1747 8733 3504 27 11830 11044 12936 12451 3074 11986 7816 10252 13855 4156 4389 13879 8727 2862 3809 12147 12544 595 12742 11512 9405 13406 3275 7795 2436 13627 12720 11769 3676 7660 13623 4343 3913 6725 12089 4026 3994
28
399 5455 3332 990 7066 1786 4922 3181 6289 8253 6627 3686 8337 6731 1926 6974 3526 6034 1353 797 6237 3965 2207 6120 3680 8147 4672 5382 2495
49
14582 3625 12504 15889 12426 15967 8560 6974 352 17020 14123 13085 3080 10937 10561 8632 3129 8224 16303 6243 7266 13233 5723 10333 8066 5075 9408 7607 1559 1977 6489 4053 15305 9251 16178 15495 2300 716 17006 8190 14853 61 2840 6850 16473 9221 891 2972 17004 8538
48
3332 8977 23388 23962 22967 25887 24489 17273 5841 17813 6588 22990 26120 6034 3220 6979 20451 24522 8766 8537 15097 24255 20019 10043 8396 9591 19464 22232 23698 17011 9355 18660 2897 6440 10803 22766 17892 12799 24273 25082 22701 4359 12014 2823 22877 26597 2410 15444 2560
41
11085 18130 4866 17341 16877 16321 13772 10032 17080 18594 16633 9528 14667 10531 14264 2524 873 13462 10149 2660 17203 13387 11482 13673 4225 11518 637 6464 17650 15933 18284 17585 9551 11310 4795 2799 4502 6733 6657 13378 11590 2172
61
10 11223 3728 6233 4464 265 797 9775 7716 11883 7751 588 3870 6224 433 9903 5734 9419 6395 10768 5303 2576 5438 1930 7531 3277 3907 11370 1100 11129 3765 5161 419 10560 8873 1370 1711 11097 11514 3066 11027 10507 5475 4160 4596 545 6416 6366 5421 7908 7159 8350 8953 189 5480 8140 6219 1681 228 8918 11731 1937
40
18612 9178 20774 18834 16797 16330 9898 19398 4998 14291 7419 23740 503 7954 23011 20452 24109 9759 25259 20784 18198 25565 12036 5716 813 2789 23828 2383 24530 9103 22938 1286 20169 8398 12444 25424 13065 12761 15762 15962 9188
59
16460 6186 7480 6354 16971 1029 30036 27815 5870 28274 17634 2419 15909 21777 20741 29108 16519 12161 26056 17247 12078 15129 4546 14951 12893 29768 21776 1764 11030 17955 17943 10313 4355 27632 27588 23196 2944 18386 13239 22472 26547 9563 11747 5941 23491 18930 8280 24282 9503 24063 11718 14323 13435 4354 17 22679 4046 24319 11596 22977
52
23055 16175 24495 23066 5365 20309 6124 14110 6815 10392 5290 18178 16726 6823 11699 25096 12010 22277 19244 3833 24803 9636 2305 12413 157 7059 2192 10511 5621 9987 7341 27592 10898 8282 19571 7335 21272 8428 26292 18407 7991 27317 1193 11111 16841 4460 2206 25564 3711 3902 23174 19495 7025
88
810 8530 1067 8562 4329 4435 157 846 2820 5944 4736 6743 6421 984 3638 4517 4557 2198 3428 1673 4290 5647 8468 7231 1796 2265 8770 4128 4190 4195 5273 769 1670 7548 1489 4208 157 8240 8330 7319 6048 5320 3310 7337 846 6505 7919 5570 6603 2194 4688 4483 1655 812 5589 5431 2673 4991 2250 3582 3744 4102 2135 666 7619 7644 7508 8497 8135 5860 5961 4179 7788 6185 3150 1656 8244 6517 152 1756 1913 846 5412 5597 4762 747 1385 6827 6910
85
7285 4726 2276 7785 1141 10862 4484 5238 9933 3851 10828 11296 3427 9010 4133 12193 10481 591 7705 2254 5977 8169 10654 5646 10637 11777 2918 4503 2586 5389 9662 210 6394 7753 10832 11717 2674 556 8619 659 11698 10630 5987 7582 9112 5445 3313 9612 673 11043 9852 9506 3319 11886 10876 9735 11844 9492 8972 3905 7132 3866 6567 6633 9904 9372 7515 10493 299 27 10792 2021 760 11258 5970 703 6884 11933 7814 362 5042 6645 4393 9814 694 5228
64
19369 6285 17382 6590 13208 13687 15995 16733 3414 10595 12157 13060 10329 11902 5709 9615 17796 23279 11947 14431 1377 12139 6233 780 9877 17466 7121 11348 23474 22135 23046 622 19559 19173 9374 12493 15750 10143 4174 17555 19240 15911 13944 60 2935 9040 15205 22024 18326 18925 20977 22650 15872 835 17286 10381 11828 7370 22895 5560 20727 126 14911 1138 23945
98
15957 1879 9367 995 9253 11004 18962 3515 133 8246 6534 6252 13893 19197 19230 10225 17606 4813 10136 14882 2136 5755 159 4758 12652 8872 7424 15120 11190 4683 11332 4844 17484 8673 9306 7374 10783 3503 7664 1103 832 10473 15532 649 470 16163 9007 18195 12907 13790 2414 14618 14252 2673 17803 10666 10714 12423 19232 15177 16458 1639 11907 740 13573 13688 11164 14351 14627 12928 2677 14809 458 4267 19288 17356 14938 7216 108 15024 14410 17188 17988 19287 3127 6690 13182 5901 4838 183 16726 508 120 1615 16490 16531 4175 486 18679
81
7349 8521 2210 1710 11570 13050 5171 2254 8917 338 4576 7873 1125 5553 11750 11164 6645 7180 14351 511 9391 2977 8932 7259 7241 470 14051 12604 383 14172 955 12595 8023 2747 777 3077 1987 6473 4359 3636 2241 7011 916 2650 6950 11512 10107 894 8139 13702 1221 5372 13589 943 386 2872 14578 12046 7094 8752 6764 283 347 6497 10106 9700 6973 9121 1 14458 7193 4449 7142 14571 9162 8383 3402 297 12366 6551 3310 8641
88
8962 4769 7973 12500 11500 11908 155 4169 5700 3153 3303 2785 6699 6011 4905 14434 14043 4596 2832 11826 13735 12828 371 5459 9764 7039 8441 11909 2708 545 2829 3494 8179 2399 14368 8556 13429 1768 4546 12768 7767 12440 3453 12545 1826 13290 4833 8260 3757 14431 2324 9367 7636 12312 4131 14169 9620 7022 3618 5504 9204 11685 1359 458 1406 11115 4416 7104 9734 14368 2986 2681 14092 8908 6742 1503 14342 10656 8744 3196 899 9539 6022 2815 8486 13128 1537 2749 3902
80
1869 765 2713 1342 927 987 531 1961 2399 961 3081 2652 2421 737 578 1158 2248 1902 2553 1991 1749 454 1990 2592 2624 2778 779 1614 2184 978 2335 477 2555 1428 1151 1914 2302 2532 2502 914 263 2240 2561 685 837 1481 1754 2184 2469 1932 2133 2084 3143 303 399 2604 210 304 19 2242 2359 2874 2679 417 771 1246 727 2750 675 1609 1119 1571 1389 634 1797 2607 1309 53 1559 355 3111
31
6323 3246 2237 7249 420 6122 4639 3249 5829 2284 5366 183 590 4556 1704 2667 7504 4541 5471 4351 3595 5644 6306 7147 5083 6166 889 6148 3715 3808 1212 4126
41
19306 22040 25564 18326 5193 14473 17861 12911 18343 23985 23039 5822 8657 7564 21772 16157 14953 7099 3151 8322 7652 22210 24310 24661 13295 17226 21424 14204 25098 6026 8875 14008 13419 24997 5844 10445 84 21217 11230 18402 7059 23997
50
8948 11743 15134 26943 19358 5916 13341 26892 17595 4545 4182 27727 12548 24665 4516 25403 27119 15031 7692 396 6465 7559 1603 881 1600 7868 14363 14496 2850 11239 6862 4304 19824 10459 13543 4698 6238 7645 22595 26794 18761 15083 2028 17267 15781 24815 23197 13297 16360 26426 11044
81
18832 21543 16546 12049 19122 23494 19569 15866 19702 17987 21807 13673 18187 14701 1083 20150 24368 4636 7394 10960 12846 11638 9844 2257 17339 19183 25395 10338 6459 17068 3504 20061 17679 21504 5592 14741 5218 10117 3932 5331 11268 28022 17165 1963 15972 16919 15558 19879 2704 25845 11095 6651 27309 11649 27636 20748 13529 5245 15412 20470 8589 23571 24323 13642 16107 17728 17872 17702 23900 17541 8674 27467 12943 5632 26805 18303 1883 13863 12195 27757 9489 4445
85
11759 2297 4956 2076 5815 11024 1367 9227 657 3092 361 7639 6088 1708 5237 11118 9397 9119 11377 4693 8926 3471 3951 3907 10216 8007 3512 464 7648 11720 7081 8436 11308 5901 5934 6592 5127 8582 6725 7160 9210 9236 9527 1735 10142 5928 5000 6440 6392 2906 9334 11075 7928 11375 11422 7055 10060 10553 1649 10202 542 3826 9422 4226 7239 6726 2948 6678 6704 2145 6572 6390 7722 1057 6865 10415 9600 2911 4210 7701 7318 5891 9330 2343 2023 1420
94
14665 8017 9863 6563 5464 1123 1813 14640 4399 987 5974 13040 5335 11007 5546 347 11961 13674 12997 9946 12327 11349 10704 6190 14770 13108 8480 8789 5803 7925 9008 4793 4697 6881 11890 8915 11998 9576 12860 4505 7288 8103 6834 15941 1458 2182 8427 3882 6075 4354 9877 8247 13373 920 14423 13826 15828 11852 489 3361 8236 8104 15606 11879 9099 14960 1643 5340 13067 7693 8792 7685 6700 11378 6204 6561 10708 12975 873 35 1847 10256 9098 14110 5984 14212 13126 6249 3097 1097 6965 10536 10463 8764 11528
75
16663 18990 23936 23669 13718 6504 7200 1151 18908 14243 2977 21527 9846 20237 14659 12563 2471 15720 20656 3136 23709 2508 12923 9065 8622 19934 18024 1749 4112 12677 6210 2847 16624 16502 8572 16096 22617 22889 23740 9029 11261 11664 7256 11727 4891 23473 18655 7925 12038 9811 7976 5552 12352 14218 24179 19994 19204 23962 818 4400 9866 7021 3750 7897 5361 17166 22001 24458 16408 21691 5628 18290 592 2611 3766 6770
87
340 1346 3275 1600 1560 2713 2293 2264 2694 2688 2984 1846 2290 2534 597 3029 231 434 2244 151 102 840 1093 894 1002 2144 2235 3036 38 1542 3095 93 1002 2684 1436 2173 380 1862 2903 2963 495 2346 1998 1044 2882 593 1219 1080 1900 3332 2097 2068 276 1318 1415 2406 2882 930 1601 1830 776 637 2716 2516 1952 2308 532 2881 2660 1596 2247 1522 1131 3116 2904 27 1269 3081 2107 547 2043 2071 3215 449 1151 1632 2271 1794
97
3023 7934 13407 15240 716 17 16819 13145 16215 14328 2644 10607 4450 8178 9382 10735 13852 14995 5267 6775 6736 11230 13910 5992 7272 8078 5129 14448 4600 1704 3347 15247 2498 4741 11891 4363 11788 3068 7366 2618 15453 2234 14767 1030 6226 5517 1963 1847 10703 5268 3550 13015 10552 4125 16119 9538 2041 8126 363 16414 15940 9397 13328 4147 13804 8809 8885 5488 5314 1465 10902 4117 13724 4063 12861 2769 10183 7245 12776 11115 1691 10501 14215 16044 5639 10083 4462 3166 13076 6860 4255 5083 13930 1276 15139 14307 10471 12915
43
7263 3499 3966 2594 7451 3250 3362 5011 7983 7135 8129 8000 1976 3199 3994 7214 3118 3710 7211 2673 6772 4811 6016 553 6835 3737 756 1257 7738 415 238 3857 5228 7161 7932 5019 2757 4761 5513 3434 7466 2817 2911 1300
82
1992 9208 9959 994 12167 6513 419 17971 17662 2051 18713 12704 11106 2039 10491 17676 779 19913 21232 11926 11248 8672 15830 20488 949 21103 10774 19223 1115 15223 12098 10391 11673 10097 6065 13026 18027 8886 2646 7028 15625 2736 9389 10014 13081 11126 5667 18297 1582 3092 6326 7536 9397 4483 16011 18363 1263 12524 3869 2211 16468 13065 5393 4827 18496 4485 11810 10206 1452 13331 4030 5463 16197 11515 4039 13920 2050 21929 16766 14143 1332 4190 3373
95
14417 7611 11472 5132 82 2463 6837 11002 9109 584 8140 4253 11875 2841 13772 14939 13273 9995 13729 9940 1707 15758 16034 1653 8846 14002 3973 14960 17299 10508 6363 3843 14250 17485 9629 8011 1580 6937 14654 5051 670 5821 7876 9645 8674 14263 4177 12626 4173 361 9876 9314 1886 11682 7264 18027 8925 13136 13538 17023 841 10665 13929 7283 12250 13743 2278 15492 10708 9383 13899 17958 9117 6270 11480 4151 7570 8081 9017 17107 6915 13317 9881 11641 11289 10005 10682 14440 9652 13637 14017 9677 8301 10385 16676 5823
94
8982 2521 12783 6528 4888 19471 1164 12477 8525 19377 7421 18778 6789 20079 11964 13563 8818 20191 7357 2697 19523 4664 224 4399 6426 8242 5425 19631 8207 9184 5779 21075 10446 3272 2546 349 12099 22003 19912 10655 10456 16170 1747 2929 16522 3138 9181 10198 13292 1710 339 13217 1579 16916 73 17710 15290 21870 10555 2371 20925 21461 4608 9934 15378 9954 3651 19897 21091 5002 9832 19972 816 12714 2356 15298 9867 860 16008 9853 7032 1562 6880 7474 509 3368 6941 21376 17727 7514 21681 13160 3409 3137 3234
96
2683 6885 2723 5826 2593 6368 5256 6243 180 4494 5000 2071 3031 3970 2097 6527 1318 5355 3992 4887 2436 4671 7017 4694 5387 3669 509 4122 6607 2567 2904 5994 5403 5354 1780 5637 3712 586 5021 1765 4874 1736 2025 2391 4501 3235 3933 5555 4325 6242 6027 5011 572 4252 6259 3924 6385 3255 1318 6184 2521 5718 366 6659 3255 4985 5493 4992 3578 6037 2949 3077 1516 1340 6277 3711 2242 5791 3951 6411 6336 4252 712 6720 3833 4496 473 1294 959 579 6495 5486 1551 6978 673 1788 6048
91
29882 25731 5841 29433 23738 12583 5919 1431 13505 27487 6042 2308 27699 7288 21550 141 8996 21970 16139 9396 16598 29808 6652 6041 14323 24359 6396 25551 15688 17682 16618 18267 28829 17080 7312 16446 15040 12002 29146 22131 3785 14324 19381 11959 27821 14287 19455 6603 26781 18824 2857 27428 3270 4866 28255 571 15710 10681 6513 22944 26753 3684 15672 18834 27914 25779 20498 20785 10654 9577 17881 4176 11160 22443 18957 24680 18361 28467 7447 3768 22735 8803 3940 1373 1264 27854 13438 1598 6980 6766 20447 4738
78
14049 8905 11128 1538 11837 6279 150 10053 12364 12545 3373 0 2488 5287 10003 12355 5157 11503 4842 12377 5970 8690 1022 9343 2339 11729 3840 2106 566 14156 3965 14029 11045 9529 11521 1092 4313 5308 4993 681 9619 8045 11057 12529 3980 3529 5299 778 3192 7352 8875 4070 7696 13423 9011 563 6775 5260 2205 13527 9706 3271 6869 6299 9210 13539 1056 4736 2914 8074 2508 7394 6691 11014 4031 13336 1455 6287 4966
61
7279 6195 5325 3398 6522 3431 2101 2833 6257 4302 1767 6195 773 3828 2057 3633 3813 5062 7496 4608 5666 7469 414 6439 1484 7503 5967 7509 2987 254 3964 3826 6654 4987 3813 152 2182 7999 2820 1840 5655 6124 4424 4711 7186 2487 4152 6356 1043 3776 4019 4176 2943 2566 7561 7889 7496 6580 2294 7011 817 3218
21
6946 12542 12307 20640 14915 6089 19555 19315 20760 9539 6253 255 17262 18891 11471 20683 7284 13806 5002 3555 9696 12148
62
9599 17293 7996 5503 17509 4715 9059 8545 8241 14510 14811 12683 7232 14393 8241 9538 2364 7122 2528 4602 2821 7512 1717 7839 13055 4980 10231 17248 11293 9022 1767 2741 12852 2098 3509 14333 6727 7942 12115 16516 10925 2814 16315 6288 562 15648 14611 11326 7695 8874 6487 12066 1463 10061 17239 14403 532 14588 9735 4760 4450 14077 2997
87
2124 3704 1477 4934 7561 2135 5103 5869 1468 4204 7686 3549 7189 7547 2370 8193 663 5758 4955 2900 1389 8189 621 7212 5685 4696 373 279 4785 1990 308 1525 8365 3852 5877 5660 5848 7447 6583 4165 998 7379 4361 2262 5632 3006 8460 387 6466 6587 5183 1778 3469 8136 234 7656 5922 1992 5387 5476 7588 3298 2047 8127 6572 932 6843 3142 838 6557 4312 4170 5161 2513 4738 5978 3631 3614 7389 195 2625 1939 7010 1258 887 1320 712 449
57
67 343 162 899 510 297 1210 1161 194 231 666 230 912 436 586 1144 56 222 767 554 426 888 307 159 252 954 819 292 314 397 958 679 8 1081 852 135 235 868 476 151 1089 1236 1214 705 1116 933 1163 368 1133 622 768 445 824 233 178 305 346 856
65
453 8045 2199 240 5679 9328 9092 589 8617 15 6888 871 7993 9392 3686 2816 6736 2237 7307 1073 7709 6048 4542 7386 4642 2467 6682 5430 8334 7486 7583 6924 2728 2182 9166 1360 7891 5733 6225 1989 3151 8240 1101 5752 8323 2039 8178 768 4182 4623 4671 8046 9765 8513 2576 2241 3139 4757 9711 2488 117 106 9707 9285 4446 4718
88
10825 10640 9 5650 18923 6170 14734 8611 10566 1762 17360 5064 8979 14209 19358 5644 16217 16753 6288 12114 3315 14453 13700 5713 6866 16938 18926 16410 5044 3812 6285 17361 4912 18695 16468 11554 2386 3180 5886 2253 6367 6253 16414 7729 11936 3424 9211 3969 7380 1564 13156 17117 1079 9058 7183 4375 6229 19087 6560 16539 15749 6118 5345 4443 945 14382 6932 8626 16630 3839 8049 9271 4770 10377 1473 588 18389 13366 9836 4963 12255 6253 18656 3445 16278 6398 11145 10629 1580
23
629 327 400 198 345 368 101 436 413 577 143 748 523 735 394 344 232 234 71 188 303 115 873 669
83
478 14422 13532 12427 4937 762 5786 8712 12804 16140 15800 12421 2336 14227 11023 1348 8609 18050 8838 2091 9928 1385 14819 376 13854 15855 8695 17567 11012 15643 17206 15367 7698 13732 14704 14284 6045 2698 3514 2021 3217 13215 9267 2313 15658 10004 6584 284 15995 16416 14539 1840 11614 2427 2193 8369 90 11430 9180 8512 8553 8624 18041 12141 5153 4348 15136 14119 11920 14938 6602 14627 13426 3934 8357 13418 4841 5692 11526 6876 2375 8132 18252 5319
40
4649 1511 9132 8507 5615 7858 14232 16518 6718 12794 15905 19214 6681 2726 19852 8934 17377 9170 7766 17993 6405 12101 12313 18321 14529 10613 7171 13246 10240 699 17004 10933 2315 11944 17094 8563 7900 9962 10942 7119 3545
30
2764 10773 25126 5909 23951 23856 22379 355 5522 25050 18912 7578 14950 8835 3677 19269 680 8335 17647 13391 2123 13172 15420 5786 5992 545 18194 8320 19561 20492 6023
24
11410 3074 6428 6646 10524 13444 26576 8644 277 20593 10245 24500 11529 18544 2647 1838 7392 1129 4387 9353 15737 8901 10743 8913 11185
53
436 323 543 972 123 1060 599 1296 530 218 1363 517 26 1263 448 770 59 1073 892 1089 1074 1248 665 146 36 1101 111 471 1169 1067 737 361 270 544 99 612 334 1264 997 1309 407 145 662 599 1289 350 41 1260 141 1281 1093 80 655 168
17
10492 9438 42 18720 14701 224 4905 8001 12973 1604 15161 6240 14840 23493 405 22383 20228 14237
21
5931 2543 2516 2777 3012 4692 8481 8093 1747 507 1848 7554 8818 4986 4944 271 2710 8337 8371 5061 2332 3689
32
7968 8865 21567 21670 2624 9193 8697 17938 261 3477 13290 7929 18965 8954 13456 1931 9306 20507 5266 3329 4139 21417 5910 17933 1646 20106 17648 4347 11258 19324 243 14119 12802
62
3052 5649 4342 1568 9884 7042 6461 10041 6568 5260 4528 8966 4994 10085 3136 8335 7056 7716 6364 7110 2305 9387 4311 3731 2215 6987 9386 1631 7090 6530 6738 3527 4673 2438 1689 2274 2899 10390 4571 700 10413 9324 7827 9999 3333 7012 7028 2188 3960 822 7446 4927 7869 8003 80 5186 6514 3813 2831 10958 5736 1756 4988
63
3758 2061 4650 4920 3326 4469 2929 6263 4415 4723 4479 5838 4962 4092 280 3766 1225 3030 3147 922 4512 3513 177 5676 4604 2870 4297 973 3615 3778 4858 4877 1262 926 1202 5339 2896 2925 2258 5317 2046 1074 5464 1173 873 1297 3552 2423 5686 2267 5565 5316 5940 4199 5759 4340 2001 1827 5533 278 3607 1841 355 5610
94
1143 975 155 137 1413 397 488 880 478 582 589 485 539 1240 439 1108 747 220 239 1218 129 719 679 430 1010 903 768 1252 898 654 881 653 294 1233 844 517 291 100 688 1311 596 962 822 244 142 1049 32 1362 1346 1380 970 530 312 146 948 18 251 131 203 573 485 330 1375 16 1264 79 930 744 327 479 1270 499 199 386 1064 204 412 1390 560 1021 321 1084 1132 510 740 160 652 1278 1274 115 627 325 136 1075 178
78
1868 2785 2858 1572 1114 1729 874 1828 2214 556 1654 196 2140 982 656 207 2815 759 2953 349 376 1970 929 2745 2413 2166 190 497 453 2331 2338 1237 1800 244 291 1081 417 2162 2826 455 1099 296 2656 1135 2371 1059 1965 1045 2356 2654 1407 524 1266 943 247 836 1856 2177 2813 1819 2194 1354 729 586 2161 1189 797 2061 1301 2115 1890 2272 1826 314 1767 2466 1540 2832 646
59
1171 24864 21290 27390 15785 25412 3945 3470 15581 16167 26023 24209 11743 4196 8305 20234 12939 9958 11763 21343 12890 130 17894 4473 6891 6815 29441 7503 25256 9863 4069 19361 21687 5331 21845 24157 13924 16974 16527 19042 29936 12130 1069 4707 24696 25128 21109 18052 13324 16163 9274 9747 2807 21152 22042 16547 5379 8256 22596 14941
68
6537 6864 5443 6788 400 1000 1243 1984 89 6726 7563 5108 5655 1967 5765 3914 5189 1359 2601 6992 6000 4427 4586 7315 5557 3752 4306 6181 2507 3051 5825 5342 4048 178 5006 116 5293 66 1132 5760 2567 4481 4802 6457 99 2182 46 4508 7670 888 1793 946 2345 6199 6595 4070 28 5904 4873 5211 5426 4793 3749 6068 6805 5082 1531 6175 4473
80
4971 2734 5351 475 7143 3767 4905 8376 7089 509 3145 6283 5618 1961 4512 5364 6668 3472 4103 8311 3671 5665 5028 3488 3569 2339 4628 2587 7836 3362 7848 1855 171 6927 5376 6282 287 4152 7536 449 1081 4141 741 3122 758 6861 1133 3249 6298 6563 6094 158 8357 8131 4205 7867 840 3011 3644 8192 1144 7474 1325 4683 5707 860 2862 584 5908 5956 6203 907 6011 4535 7154 7360 6650 620 1161 4311 1951
60
16775 7326 18783 18732 10798 11717 9320 1399 20402 4970 16559 13963 7105 14466 7097 11047 320 10601 7658 15497 20726 19471 2893 17431 3 4649 4138 3471 6393 14626 8257 5074 14748 17815 16975 10171 21451 20568 15821 3531 13189 10126 10340 16896 8923 3753 11468 6650 20990 14588 8698 16586 14252 3373 21257 7333 12856 19595 19122 15922 17671
78
129 15591 5705 18663 10124 24966 20773 24317 1335 14403 15647 9059 24256 6230 6531 3137 1442 4447 954 12554 15128 10482 7924 24433 1703 3654 7002 6263 20372 2406 1366 20482 23513 2307 1828 19981 7171 13853 4648 1047 465 9005 20998 7900 1605 11260 86 8908 6674 6832 14579 4046 24907 9783 5999 22145 16017 19270 25830 16360 24474 8687 28 4302 9860 15277 19854 12497 24418 45 14226 9168 16752 18267 19066 6875 19281 18923 3615
93
7181 1618 2059 5334 11696 4518 11784 2147 2230 8351 1800 5741 8732 4264 9487 8095 6151 10475 3788 3221 4295 7103 6253 5118 10361 10708 4735 1555 9972 3258 10984 8904 5530 4753 6136 6163 9169 4442 9760 9785 2488 2057 1803 1992 6261 9987 4185 7708 5217 11543 4715 4353 5949 8120 6998 7751 12088 4598 7503 11805 1383 7484 11505 5251 1031 9778 9436 2367 5355 1760 1025 6829 8706 7793 6164 8304 9727 11171 2304 10298 3589 11083 4843 10098 6819 4496 12109 1363 8607 9727 9383 5247 232 7336
84
7947 4361 768 10962 2139 466 1856 2779 3637 11267 7646 11305 8036 9247 1684 2256 6855 2655 10474 9542 8659 4638 9274 11786 9360 2800 4549 5941 8568 5963 9630 12566 8116 663 6959 1452 3524 10611 3505 2732 11540 2405 978 11481 9649 9813 4585 1585 4281 11302 2574 1007 5418 11425 9574 157 1376 50 7511 12762 12685 4736 4478 6888 4632 10240 4080 1155 10219 7821 371 6716 2296 11316 6902 4309 8017 2626 1653 9734 8052 9343 5058 2179 9184
74
11711 6306 4908 18086 18812 12389 6804 19381 22167 13560 10152 10289 1560 3577 19631 2084 16228 11499 11298 13245 3559 19010 8239 1958 1728 19047 16400 10150 14714 22651 13881 12102 23050 18832 8614 4160 8247 19291 7722 14149 9437 12121 4331 7610 5315 7906 23187 4736 18528 3750 16966 11465 19646 351 22132 415 14679 14699 21379 6258 6447 7300 3914 1030 9219 23197 7242 18651 15343 20223 1243 17274 3141 18113 2670
58
12721 6839 11301 29934 15933 19573 23815 3104 14268 16444 1782 18627 7799 26552 6499 11614 1947 20880 17836 13631 1821 29374 1519 22139 13003 12088 18611 12554 4576 15040 12821 6174 15745 25925 23835 12802 29843 13265 29515 28828 6859 23265 18155 13066 10859 27997 24184 25299 29306 10576 29386 24450 5793 16474 26154 25212 21608 27479 7830
51
6471 15485 23565 30714 10520 14793 8081 31460 26396 16697 12100 27447 16197 13869 16699 12021 19368 11835 14329 26113 10853 7480 18729 22094 31923 27854 17082 17802 8507 15322 29497 30148 7687 14817 9896 11295 30789 19189 31277 11710 650 18536 9221 29816 24612 9420 5087 24976 13532 12352 30958 3217
30
10110 12971 4821 16055 12826 164 1425 292 10065 18448 9653 11567 13513 13253 15981 5508 1233 6656 12635 1207 1421 8333 8535 9867 16191 13538 7297 8030 14175 13494 3329
95
6053 14693 874 26233 5962 14194 4195 6033 8958 22584 15717 6029 24334 3310 17591 1771 25857 5180 4734 19576 23913 25562 7682 449 20293 9136 13414 4253 10836 28403 15284 3175 27154 24941 23043 5979 2861 25273 20455 12827 12303 15081 417 18214 15269 28380 2316 24759 26285 2502 1983 14256 8954 27343 5859 4500 16953 15516 789 26071 26787 21989 13014 27879 17654 10676 1432 18591 26034 16044 18074 5328 1462 24511 24970 18458 19154 21554 26569 7129 4329 15797 11999 7365 20987 3828 16589 5176 14044 4720 15680 13235 20292 10627 15980 22825
57
8783 6842 2074 11819 2983 8205 11778 2931 11545 623 816 8604 2605 3463 9340 6619 7796 2730 7957 11502 3520 9488 151 7346 9520 3149 8968 1858 3570 6714 12505 1508 12387 13282 5760 236 11606 13608 12062 2643 707 6166 4422 8578 1444 11478 9991 9018 6169 490 13064 2148 4676 1839 1077 3945 12748 6948
41
10594 12846 13063 7864 14482 22455 15914 17781 6068 17 12155 15976 9120 8859 16214 23397 20881 10529 12268 10829 16588 12012 18880 10992 22540 6909 21101 20478 5330 10006 16351 18931 20046 3706 753 15889 15994 7286 5079 4530 7619 18635
96
51 3358 424 715 2147 2861 442 2489 2147 2634 2584 2285 1776 3398 1814 2593 1301 3480 2311 3375 3062 1430 3238 2683 2586 2534 946 2881 2503 816 2760 127 3180 2490 3639 2304 2580 270 3675 3541 1942 1822 3616 1737 3174 1213 1484 2016 1725 3112 1884 2855 463 689 2170 1771 2061 2789 916 372 31 1459 437 766 268 3732 1267 437 1232 3679 2600 1494 3621 1397 586 1298 478 1431 2241 178 1407 429 934 1723 3394 2838 1719 3510 2378 297 921 3229 2921 1214 2099 1956 659
39
19906 13178 18496 5520 361 6282 27006 20222 12611 5511 18424 9746 227 16836 19827 11718 5892 2023 17143 4204 15058 11711 14152 17213 12647 26997 24786 17182 18036 3279 13230 2213 16413 15343 16954 27044 2815 9687 4027 9956
55
1535 12701 10841 23555 14928 5372 25638 271 1371 7533 22306 17520 17900 8695 3202 3805 8632 6977 25957 19879 29189 21746 16606 4629 28640 16431 28224 6783 22996 23486 27202 13653 29614 14289 14586 20788 7026 7573 15721 147 25528 27115 11855 10986 29816 1591 17728 28116 13847 10087 6379 27654 13054 11467 13647 28293
81
2948 13503 4170 11541 7920 11981 12950 10724 6649 11952 8398 1894 7960 10132 7981 11025 3562 5141 5185 9904 4936 5587 2881 737 5215 12489 7575 2955 6252 3563 4042 12710 8859 4252 2071 8877 4468 9693 11111 2312 10354 12446 8130 8037 10186 7483 1138 4043 2098 13267 13456 3626 2541 3757 5397 8658 1459 12280 572 10280 3760 12002 12593 9269 4940 11985 13592 1585 9361 12337 8655 1703 2423 13044 8460 6511 13541 10038 12749 956 12311 6047
82
1592 9042 6398 3562 1953 5504 8367 5207 8230 11132 10756 5988 6608 7494 6193 5554 728 124 6019 5831 3900 9856 7848 4507 1307 5818 7 9072 10590 5464 10215 4169 2940 5413 1697 8897 5011 9290 8711 8535 9078 7735 6403 1870 8069 3015 8235 10010 8631 1181 1644 3939 4153 7838 3733 9154 3011 10751 10806 2652 7964 6699 11055 7829 884 7254 3384 9995 4345 5451 5214 3803 26 6768 2843 6187 9920 8944 5946 4533 7102 104 692
96
11607 17136 291 12271 5034 14088 1211 12238 6237 11346 1237 1155 8973 14897 8803 17880 13439 10835 8859 16219 1310 2945 8369 3658 4395 10255 12435 811 3436 12237 12940 16951 14269 12249 2515 15731 9813 7397 6873 6403 7792 3016 17167 16374 846 16378 9812 6444 17533 16291 5521 10042 8251 16607 8252 8415 5081 10860 15246 5375 11223 3514 10533 4447 184 11491 12387 364 5402 15594 15044 10710 3095 12735 2261 17877 10927 7789 4990 9597 3597 8418 11443 17598 13473 16214 437 4611 12118 12145 16075 8767 7718 16065 10550 8099 3926
61
5701 2150 2028 7574 6063 481 3707 1187 2211 4511 9147 7376 1963 6263 211 7059 5898 1984 5515 5504 1043 4283 7740 1499 6826 3134 1838 5984 5381 5074 3054 5651 1698 2654 3759 1631 5350 3098 8103 3221 7383 1572 5017 8986 7062 8535 4815 2487 7062 1838 5675 8584 4829 3952 4263 3321 4726 1272 3806 3577 3066 7250
37
14818 1364 10997 1581 1567 6599 17920 25009 8528 17253 17948 4815 17724 7870 21764 9718 23546 12698 22049 14212 14374 11997 21939 12519 15689 21380 5856 20520 9037 25044 20388 990 23830 510 22298 4036 13697 20597
75
5792 13590 9969 3003 14317 13535 6572 8171 7251 4917 11413 14555 15572 3549 1713 1394 1861 7915 7726 8725 15028 1340 13914 9374 7176 11187 8309 13075 9412 12631 16141 11030 5901 12081 12603 3606 10143 9500 714 9771 3954 12949 650 4655 10219 12186 10742 5429 8813 12082 7191 4132 10737 7392 10605 4330 9865 9998 1060 11333 13900 1800 15617 3889 1906 12486 7238 1479 4325 15643 15388 14594 2426 10920 16291 15715
