Case #1: 1 2 3
Case #2: 3 1 2
Case #3: 3 2 1
Case #4: 2 1 3
Case #5: 1 2 3
Case #6: 4 1 3 5 2
Case #7: 3 4 2 5 1
Case #8: 5 1 3 2 4
Case #9: 1 2 3 4 5
Case #10: 1 2 4 5 3
Case #11: 4 3 1 5 2
Case #12: 2 4 1 3 5
Case #13: 1 5 3 2 4
Case #14: 2 1 4 5 3
Case #15: 1 3 4 5 2
Case #16: 2 1 5 4 3
Case #17: 1 5 2 4 3
Case #18: 5 2 4 1 3
Case #19: 1 2 3 4 5
Case #20: 1 5 2 3 4
Case #21: 3 10 2 6 9 5 8 1 4 7
Case #22: 1 2 3 4 5 6 7 8 9 10
Case #23: 6 7 10 3 2 8 1 5 4 9
Case #24: 3 5 4 1 2 8 6 9 10 7
Case #25: 1 2 3 5 4 7 6 10 9 8
Case #26: 1 2 3 7 4 8 6 9 10 5
Case #27: 3 6 2 8 4 7 5 9 1 10
Case #28: 4 2 1 3 5 9 7 6 8 10
Case #29: 6 8 7 4 1 9 3 5 2 10
Case #30: 4 6 3 1 2 10 8 5 7 9
Case #31: 3 5 2 1 6 4 7 10 9 8
Case #32: 2 1 10 3 5 7 6 4 9 8
Case #33: 1 7 4 3 9 8 5 10 6 2
Case #34: 2 5 10 8 7 3 1 6 4 9
Case #35: 3 6 4 5 7 9 10 2 8 1
Case #36: 1 2 3 4 6 7 5 9 8 10
Case #37: 7 3 8 10 1 4 6 5 9 2
Case #38: 3 1 2 5 7 6 4 8 9 10
Case #39: 4 2 8 7 5 10 6 9 1 3
Case #40: 7 4 2 1 10 6 8 9 5 3
Case #41: 7 2 6 10 1 8 5 4 9 3
Case #42: 2 3 1 4 10 7 6 5 8 9
Case #43: 9 6 3 2 8 10 5 1 7 4
Case #44: 3 2 5 7 9 4 10 1 6 8
Case #45: 7 4 5 1 2 8 6 3 10 9
Case #46: 4 5 3 2 7 1 10 6 8 9
Case #47: 1 2 3 4 5 6 7 8 9 10
Case #48: 3 2 1 10 4 6 9 5 8 7
Case #49: 2 3 8 1 4 5 6 9 7 10
Case #50: 10 3 2 5 9 1 7 8 4 6
