Case #1: 1 2 4 3 8 5 7 10 9 6
Case #2: 1 2 3 4 5 8 9 10 7 6
Case #3: -1
Case #4: 1 2 3 4 5 7 10 9 6 8
Case #5: -1
Case #6: 1 2 3 4 7 8 9 5 6 10
Case #7: 1 2 3 4 5 6 8 9 10 7
Case #8: -1
Case #9: 1 2 3 4 7 6 10 9 5 8
Case #10: 1 2 3 4 5 9 10 7 8 6
Case #11: -1
Case #12: 2 3 4 6 9 5 1 7 10 8
Case #13: 4 9 3 5 10 8 7 6 2 1
Case #14: 2 1 3 5 10 8 7 6 4 9
Case #15: 5 9 4 6 10 8 1 3 7 2
Case #16: 1 2 3 4 6 8 7 5 9 10
Case #17: 1 2 3 4 5 9 10 6 8 7
Case #18: 1 3 2 4 10 6 8 9 5 7
Case #19: 1 2 3 4 6 10 9 7 8 5
Case #20: -1
Case #21: 1 2 5 4 6 7 8 9 11 10 13 3 12 15 14 18 17 16 20 23 19 21 22 24 26 25 27 28 29 31 30 32 33 34 36 37 35 38 40 39 45 41 49 44 48 43 42 50 47 46
Case #22: 1 3 4 7 6 2 5 8 9 10 12 14 15 13 11 18 16 19 20 17 22 21 24 23 27 25 26 28 29 34 30 31 35 32 33 36 40 39 38 37 42 41 48 46 44 47 43 49 45 50
Case #23: 1 2 3 4 5 6 8 7 11 9 12 13 10 15 14 16 17 18 19 20 21 22 23 24 25 26 27 29 28 30 31 32 34 35 33 36 40 37 38 39 42 41 44 49 43 46 47 45 50 48
Case #24: 1 2 5 4 3 8 6 9 7 10 11 12 14 13 15 16 17 21 24 18 19 23 20 25 26 32 22 27 28 33 30 29 34 37 31 38 40 36 35 41 44 39 45 47 49 42 46 50 43 48
Case #25: 1 5 2 3 4 6 7 8 10 12 9 11 13 14 15 16 18 17 19 20 21 23 22 24 25 26 27 28 30 29 31 32 33 34 35 37 36 38 39 40 41 43 42 44 46 49 45 50 47 48
Case #26: 8 6 4 24 18 3 29 17 41 14 16 23 25 15 32 2 21 27 31 1 38 35 10 9 13 30 48 5 39 45 44 42 22 46 33 19 34 43 49 11 37 26 50 36 7 12 47 40 20 28
Case #27: 1 2 3 4 5 6 7 8 9 10 11 12 13 14 16 15 17 18 19 21 20 22 23 24 25 26 27 28 29 30 31 32 33 34 35 36 37 38 39 41 40 42 43 44 45 47 48 49 50 46
Case #28: 2 1 3 5 4 6 7 8 9 11 12 10 13 15 16 14 17 18 19 20 21 22 23 24 25 26 27 28 29 30 31 32 33 35 34 36 37 39 38 40 41 42 43 44 47 48 46 49 45 50
Case #29: 6 10 8 23 37 31 1 4 5 50 13 11 36 22 21 2 30 44 9 35 28 41 12 25 40 15 24 48 19 34 43 45 38 29 46 39 18 47 20 33 27 14 16 17 26 32 42 3 49 7
Case #30: 4 1 7 9 2 10 3 8 12 11 16 13 6 22 18 17 24 23 5 15 20 19 26 28 27 38 29 14 21 31 25 32 48 35 34 33 44 41 43 47 30 36 46 42 50 40 37 39 49 45
Case #31: 1 2 3 4 5 6 7 8 9 10 11 12 13 14 16 15 17 19 18 20 21 22 23 24 25 27 26 28 29 30 31 32 33 34 35 36 37 38 40 41 39 42 43 44 45 50 47 48 49 46
Case #32: 1 3 2 4 5 6 7 8 9 11 10 13 14 12 15 16 17 18 19 20 21 24 22 23 25 26 27 28 29 30 31 32 33 34 35 36 37 38 39 40 41 42 43 44 46 50 45 49 47 48
Case #33: 5 9 11 10 8 20 6 31 7 12 14 2 22 28 15 13 16 33 21 18 39 24 26 3 1 19 30 27 17 36 43 34 23 40 35 49 29 48 32 44 47 42 4 50 45 37 41 38 46 25
Case #34: 5 2 3 4 7 6 12 8 11 17 10 23 21 15 13 1 26 24 9 19 29 50 40 33 18 27 14 36 28 38 20 16 42 25 30 34 22 44 37 35 31 47 39 46 32 48 45 43 49 41
Case #35: 1 2 3 4 5 6 7 8 9 10 13 11 12 14 15 16 17 18 19 20 21 22 23 24 25 26 27 29 28 30 31 32 33 34 35 37 36 38 39 40 41 42 43 44 49 45 48 50 47 46
Case #36: 1 2 3 4 5 6 7 8 9 10 11 12 13 14 15 16 17 18 19 21 22 20 23 25 24 26 27 28 29 30 31 32 33 34 35 36 37 38 39 40 41 42 43 45 46 50 44 48 47 49
Case #37: 1 2 3 4 5 6 7 8 9 10 11 12 13 14 15 16 17 18 19 20 21 22 23 24 25 26 27 28 29 30 31 32 34 33 35 36 37 38 40 39 41 43 42 44 47 46 45 49 50 48
Case #38: 1 2 3 4 5 6 7 8 9 11 10 12 13 14 16 15 17 18 20 19 21 22 24 23 25 26 28 27 29 30 31 32 33 34 35 37 38 36 39 40 41 43 42 45 44 47 48 50 49 46
Case #39: 5 1 3 2 10 8 4 9 7 11 13 12 14 17 19 16 15 6 18 21 23 25 20 26 27 22 28 29 24 30 32 31 34 36 33 37 35 38 41 39 42 40 46 44 47 45 50 43 49 48
Case #40: 16 14 3 9 1 8 5 6 11 7 17 18 19 13 27 21 2 38 20 4 43 10 40 12 37 30 45 42 15 23 36 31 22 29 48 35 25 26 33 24 28 41 32 47 39 46 34 50 49 44
Case #41: 2 1 3 4 5 6 7 9 8 11 12 10 15 14 17 16 18 13 20 21 19 22 24 25 26 23 27 28 31 30 29 32 33 36 34 35 37 38 39 40 41 42 44 47 50 49 43 48 46 45
Case #42: 1 2 3 6 5 4 7 10 8 12 13 14 11 9 15 16 17 18 19 20 23 22 21 25 24 26 27 28 30 29 33 31 32 34 36 38 40 37 39 35 41 44 49 50 46 45 48 43 47 42
Case #43: 2 4 1 3 8 6 5 9 10 12 7 13 14 15 17 19 22 11 23 20 21 25 18 27 29 24 28 26 32 30 35 16 37 34 31 36 38 42 45 40 39 41 33 49 47 46 44 43 48 50
Case #44: 1 2 4 3 5 6 7 8 9 10 11 12 13 14 15 16 17 18 19 20 21 22 23 24 25 26 27 28 29 30 31 32 33 34 35 36 37 38 39 40 41 42 43 44 46 47 50 48 49 45
Case #45: 2 3 1 4 6 5 7 8 9 10 12 11 13 16 14 15 17 18 20 19 21 22 24 23 25 29 26 27 28 31 30 32 34 36 33 35 37 38 39 40 42 43 41 46 47 45 50 49 44 48
Case #46: 4 13 11 15 28 1 6 5 20 3 36 30 48 39 23 16 26 19 7 32 38 12 10 17 18 8 42 35 37 44 22 34 21 24 27 33 46 9 14 45 50 31 43 47 25 40 49 41 2 29
Case #47: 1 19 8 2 6 4 10 3 11 20 5 27 15 9 22 7 24 12 30 33 31 16 17 14 28 25 23 13 37 34 49 42 46 32 50 45 18 29 40 36 44 47 35 43 38 26 48 39 21 41
Case #48: 1 2 4 3 8 9 5 7 6 11 12 15 13 16 17 14 18 10 19 20 21 22 23 24 25 26 27 28 30 29 31 32 33 34 36 38 40 41 39 46 35 44 47 48 42 50 45 37 49 43
Case #49: 1 2 3 5 4 6 7 8 10 9 11 12 14 15 13 16 17 18 19 20 21 22 23 24 26 25 27 29 28 30 31 32 33 34 35 36 37 39 38 40 41 42 43 45 49 48 44 46 47 50
Case #50: 1 3 2 5 8 11 6 7 4 9 10 12 13 14 16 15 17 19 18 20 21 22 24 23 25 27 28 26 29 31 30 32 33 34 37 39 36 35 38 40 41 44 45 47 43 49 48 42 50 46
Case #51: 1 2 4 3 5 6 11 7 12 8 9 10 13 14 15 18 17 20 21 16 19 22 23 24 26 25 30 27 31 28 33 29 35 37 36 32 34 39 38 40 41 44 43 42 48 50 45 46 49 47 52 51 53 54 55 57 56 58 60 63 59 61 62 64 65 66 67 68 70 69 72 71 73 74 76 77 75 80 79 78 83 82 88 81 84 85 86 87 89 91 90 95 93 96 92 94 98 99 97 103 101 102 100 104 105 106 108 111 107 114 109 110 113 116 115 122 121 120 117 112 118 119
Case #52: 1 2 3 5 6 4 8 7 10 12 11 9 13 17 14 15 18 16 20 21 19 22 23 24 26 27 28 25 29 31 30 34 33 37 36 38 40 39 41 35 44 32 43 45 46 42 48 47 50 49 51 52 53 54 55 56 57 58 59 62 65 63 64 66 61 60 68 69 71 67 70 73 74 72 76 80 75 79 77 81 78 83 84 86 82 85 89 88 90 87 94 93 96 99 91 92 100 97 98 101 102 105 103 95 104 106 110 109 107 113 112 111 108 120 117 115 116 118 122 125 124 126 123 127 119 114 121
Case #53: 1 3 4 2 5 6 8 9 10 7 11 12 13 14 15 16 17 18 19 20 21 22 23 26 24 25 27 28 29 30 31 33 32 34 35 37 39 36 41 38 40 42 43 44 45 47 46 49 48 50 51 52 53 54 55 56 57 58 59 60 61 62 63 64 66 65 67 68 69 70 71 72 74 73 75 76 77 78 79 80 81 82 86 83 84 88 85 87 89 92 90 91 93 94 97 98 96 100 103 101 99 102 95
Case #54: 2 3 1 6 9 8 7 10 11 24 12 14 4 17 13 15 18 16 29 26 20 19 28 27 23 5 32 37 30 35 36 33 40 39 25 22 44 42 31 38 41 47 21 43 45 48 55 50 52 46 49 57 34 53 61 56 59 62 51 60 67 63 58 65 70 74 72 68 71 75 81 54 69 73 80 78 83 76 82 64 88 66 89 85 79 87 86 92 77 95 109 101 84 98 110 116 96 91 107 99 115 102 105 106 111 114 97 103 104 108 112 93 90 113 100 94
Case #55: 1 3 2 4 5 6 7 8 9 11 10 12 13 15 14 16 17 18 19 20 21 22 25 23 24 26 27 28 29 30 32 33 31 34 36 35 37 38 39 40 41 42 44 43 45 46 47 48 49 51 50 54 53 52 55 56 57 58 59 61 62 60 64 63 65 66 68 67 69 70 71 72 73 74 75 76 77 79 80 81 82 83 84 87 78 89 88 85 86 90 92 91 93 94 95 96 98 97 99 100 101 102 103 104 105 107 108 106 110 109 111 112 113 114 115 119 116 122 120 118 117 121
Case #56: 1 2 3 4 5 6 7 8 9 10 11 12 13 14 15 16 17 18 19 20 21 22 23 24 25 26 27 28 29 30 31 32 33 34 35 36 37 38 39 40 41 42 43 44 45 46 47 48 49 50 51 52 53 54 55 56 57 59 58 60 61 62 63 64 65 67 66 68 69 70 72 71 73 74 75 76 77 78 79 80 81 82 83 84 85 86 87 89 88 90 91 92 93 94 95 96 97 98 99 100 101 102 103 104 105 107 106 109 108 110 111 112 113 114 115 116 118 117 119 120 121 123 122 124 125 126 127 128 129 130 131 133 132 134 135 136 138 137 139 140 141 142 143 144 145 146 147 148 149 150 151 152 153 154 155 156 157 158 159 160 161 162 163 164 165 166 167 168 169 170 171 172 173 174 175 176 177 178 179 180 181 182 184 187 183 185 188 186
Case #57: -1
Case #58: 1 2 3 4 5 6 10 7 9 11 12 8 13 14 15 17 16 21 18 19 20 25 22 26 27 23 29 24 32 31 28 33 34 35 37 36 30 38 40 39 42 43 41 44 48 45 47 46 49 51 50 52 54 55 53 57 56 58 59 60 62 63 61 64 65 66 67 68 69 70 72 71 73 74 76 77 75 78 79 80 81 85 83 82 84 87 86 88 89 90 91 92 94 93 100 95 96 97 98 99 110 101 102 104 103 105 106 107 109 111 108 113 112 114 116 115 118 119 117 120 123 121 122 127 125 126 124 129 130 131 128 132 133 134 135 136 137 138 140 141 139 143 142 146 144 145 149 147 150 151 153 154 157 156 148 155 152
Case #59: 3 2 1 5 7 8 26 20 11 4 10 17 23 12 13 14 21 28 22 32 35 40 27 24 16 36 44 25 42 29 45 30 31 47 19 53 41 57 39 33 65 15 18 49 51 50 56 37 43 52 48 59 54 9 60 58 6 55 64 46 84 66 69 63 61 89 34 67 85 68 71 98 73 62 76 77 38 72 107 74 70 80 79 83 87 92 93 82 96 114 97 81 90 94 75 104 101 95 91 108 103 110 109 99 78 117 120 105 102 86 112 106 116 118 119 115 100 88 111 113
Case #60: 1 2 4 3 5 6 7 8 9 10 11 12 13 15 14 16 18 17 19 20 21 22 23 24 25 26 27 28 29 30 31 32 33 35 34 36 37 38 39 40 41 42 43 44 45 46 47 48 49 50 51 52 53 56 55 54 57 58 59 60 61 62 63 64 66 65 67 68 70 69 71 72 73 74 76 75 78 77 79 82 81 80 83 84 85 86 87 89 88 90 91 93 94 92 95 96 97 98 99 101 100 102 103 104 105 106 107 108 109 110 111 112 113 114 115 117 116 118 120 122 119 123 124 121
Case #61: 1 4 2 10 13 12 5 9 6 8 11 19 16 23 15 3 17 25 20 26 31 29 37 21 22 36 43 30 50 14 35 24 40 41 42 7 32 49 27 33 45 39 28 18 38 52 59 34 44 48 55 62 53 54 56 58 63 57 65 64 46 74 61 47 60 78 79 67 68 75 76 80 83 51 70 73 81 93 71 82 72 88 86 98 94 99 127 105 66 96 115 87 90 100 89 69 95 91 111 107 85 103 108 97 109 120 84 121 116 137 102 132 112 131 77 104 113 106 114 124 126 122 117 123 134 118 141 110 119 144 136 140 130 125 146 147 143 138 129 92 139 145 133 101 128 142 135
Case #62: 1 10 2 12 4 11 14 16 15 9 7 8 17 13 5 25 21 23 22 29 26 32 30 6 3 31 34 37 33 38 20 18 28 27 39 42 44 43 47 36 19 41 46 49 40 45 48 58 35 60 24 54 55 53 59 51 56 61 62 67 68 65 70 50 72 66 52 71 63 64 74 73 88 57 69 77 83 82 76 79 87 81 75 89 84 80 86 91 90 85 92 96 94 93 101 105 103 95 98 110 99 115 112 97 104 102 106 116 118 78 117 108 111 107 113 109 114 123 120 124 129 121 128 122 119 130 127 131 152 132 162 126 137 135 125 140 136 133 100 145 146 134 142 156 144 139 147 141 149 153 143 163 154 151 148 160 165 164 150 138 167 168 169 159 157 161 155 166 158
Case #63: 1 3 2 8 7 9 6 10 13 4 15 14 12 19 22 18 17 20 11 5 16 27 21 26 32 29 36 25 28 23 33 30 31 24 37 40 45 35 38 47 44 42 43 55 34 46 48 51 52 57 39 50 49 54 41 58 65 59 56 53 66 61 67 68 71 64 62 72 73 80 74 75 60 63 78 79 69 76 86 97 83 81 85 87 84 70 82 92 95 77 88 91 94 96 98 100 101 99 106 90 89 108 102 104 114 112 109 107 93 105 113 115 116 119 110 117 103 118 111 120 122 126 124 121 129 127 123 130 133 125 128 139 132 137 138 140 143 131 147 145 134 153 141 135 142 148 136 152 146 144 158 154 159 157 161 150 162 155 151 160 149 156
Case #64: 1 2 3 4 6 9 5 7 10 8 13 11 14 19 17 12 18 16 20 21 15 22 32 23 26 27 28 31 29 35 25 30 24 33 37 36 34 38 39 41 42 43 45 40 46 44 47 48 49 51 52 57 54 56 55 50 53 58 59 60 62 65 61 63 71 64 66 70 68 74 69 67 75 72 80 73 77 76 84 78 79 82 81 87 88 86 83 90 89 85 91 93 92 94 96 100 101 98 103 99 95 104 105 102 97 109 114 113 107 117 112 116 115 111 110 108 106
Case #65: 1 2 3 4 5 6 7 8 10 9 11 12 13 14 16 15 19 17 18 20 22 26 21 23 24 25 27 28 29 30 31 32 33 34 35 36 37 38 39 40 41 42 44 43 45 46 47 48 49 51 53 54 50 52 56 57 55 58 59 60 61 64 62 63 65 68 66 70 69 67 71 72 74 73 75 76 77 78 79 80 81 82 83 84 85 87 88 91 89 86 92 90 93 94 97 95 96 98 99 101 100 102 105 103 107 104 106 108 111 109 110 114 112 113 116 117 115 118 119 120 122 121 125 123 126 127 128 124 129 130 131 132 133 135 136 134 138 139 141 140 142 146 144 148 147 149 145 143 137
Case #66: 5 1 2 7 6 9 3 4 12 13 8 10 11 16 17 18 19 25 34 14 23 15 26 28 20 22 30 27 31 33 24 37 42 41 32 47 36 35 21 43 38 44 49 40 48 51 52 53 56 46 50 57 29 58 59 61 39 63 54 60 68 66 67 69 55 64 72 70 71 45 74 86 75 73 76 87 78 84 77 91 89 79 62 81 82 90 80 83 65 92 94 85 99 93 88 97 96 100 101 105 104 98 95 107 109 102 108 110 106 116 103 112 124 115 119 114 123 117 128 111 125 137 126 118 122 138 121 133 129 130 131 135 132 127 120 134 136 113
Case #67: 1 3 2 4 5 7 6 8 9 10 12 11 13 16 14 15 17 23 18 20 19 21 24 26 22 27 25 28 29 31 30 32 33 34 35 36 37 38 39 41 40 42 44 43 46 45 47 48 49 51 52 54 53 50 55 56 58 57 59 62 61 63 60 64 66 65 67 69 68 70 71 73 74 76 75 78 72 77 79 80 81 84 83 82 85 86 87 88 89 90 93 92 91 95 94 97 96 98 99 100 101 103 102 104 106 105 107 108 109 110 112 111 113 114 117 115 116 118 121 119 122 129 123 125 120 127 128 131 133 126 132 134 130 124
Case #68: 34 61 24 90 103 63 38 58 48 35 19 138 80 71 75 57 43 95 87 99 136 5 12 76 105 1 65 126 66 114 94 25 120 98 29 145 140 40 116 4 139 28 135 125 121 20 97 119 11 131 67 141 86 101 7 56 77 27 82 50 44 102 9 14 10 130 23 115 107 55 70 78 52 59 104 6 42 113 3 60 132 108 143 47 53 96 91 17 64 49 54 72 16 84 106 21 69 46 73 41 15 62 124 129 39 142 31 79 89 85 13 146 118 33 92 122 112 128 133 81 45 137 88 134 68 36 18 110 32 2 100 123 111 74 30 8 83 26 37 22 109 51 127 93 144 117
Case #69: 1 2 3 8 4 6 7 13 11 10 15 16 5 9 14 18 12 19 20 23 21 17 24 22 25 26 27 28 34 29 33 38 31 30 36 39 32 42 35 37 41 43 45 47 44 54 50 40 49 46 51 57 56 53 58 63 60 64 48 65 52 68 55 62 61 59 69 66 67 73 70 71 77 82 75 81 84 80 76 79 86 83 74 78 85 88 87 95 89 90 99 91 98 92 93 94 100 101 72 96 103 97 104 102 105 109 106 110 107 108 111 114 113 116 121 118 115 112 120 119 117 128 123 122 127 129 126 124 125 130 132 131 134 133 135 141 137 140 136 142 139 147 143 138 149 145 153 144 152 146 148 150 151
Case #70: 1 6 14 7 5 8 3 10 4 11 12 17 18 15 21 19 9 20 27 16 13 22 2 24 25 30 33 23 26 31 32 34 29 35 39 28 36 38 37 42 40 44 50 48 51 53 41 57 45 46 54 59 66 49 64 43 65 47 55 58 52 56 60 63 61 62 69 70 68 71 67 76 74 77 82 75 80 73 83 79 91 87 88 78 81 72 89 84 85 86 95 90 93 100 94 99 98 102 110 97 96 92 104 105 103 111 101 109 113 112 114 115 108 120 166 116 117 123 119 106 121 126 122 124 107 129 132 128 130 118 133 134 135 125 138 139 127 140 142 141 144 136 137 149 146 147 150 145 148 156 153 161 143 155 158 159 154 131 160 167 165 163 151 162 174 164 152 171 173 169 177 175 157 176 172 170 168
Case #71: 1 3 2 4 5 6 7 8 9 10 12 14 13 11 15 17 18 16 19 20 21 22 23 24 25 27 28 29 30 26 31 32 35 34 36 33 40 37 38 39 41 42 43 44 45 47 46 48 49 50 54 51 52 55 53 57 56 60 61 58 59 63 64 62 66 65 69 68 67 70 71 72 73 75 74 77 76 78 79 81 80 82 83 86 84 85 89 92 87 88 90 91 93 94 95 97 98 99 96 100 101 103 102 104 106 105 107 108 109 110 111 113 112 114 116 115 118 119 120 117 121 122 124 123 126 125 128 127 129 136 133 135 132 131 134 130
Case #72: 1 2 3 4 5 6 7 8 9 10 11 12 13 14 15 16 17 18 19 21 20 22 23 24 25 26 27 28 29 30 31 32 33 34 35 37 36 38 39 40 42 41 43 44 45 46 47 48 49 50 51 52 53 54 55 56 57 58 59 60 62 61 64 63 66 67 68 65 69 70 71 72 73 74 75 77 76 78 79 80 81 82 83 84 85 86 87 88 89 91 90 92 93 95 94 96 101 100 102 99 98 97
Case #73: 10 9 5 11 24 29 13 8 1 3 12 17 19 4 15 6 22 31 39 14 40 25 35 26 20 38 2 46 34 49 43 21 48 50 64 30 23 41 45 28 7 47 82 32 62 36 67 54 52 42 37 118 44 60 58 61 57 63 51 86 33 66 59 53 65 73 80 55 69 68 102 97 56 71 85 109 18 88 81 75 70 94 76 27 84 123 83 129 112 87 16 128 95 91 96 78 92 99 90 89 77 101 93 79 108 72 114 133 74 124 117 100 103 113 115 127 107 106 125 131 132 105 126 119 110 111 122 134 130 98 120 121 116 104
Case #74: 1 4 3 2 7 8 11 9 5 12 10 15 14 16 6 13 17 18 19 20 21 22 23 25 26 24 27 30 32 28 31 29 34 37 39 33 36 40 35 38 41 43 44 45 42 46 48 49 50 51 52 53 55 47 56 54 57 59 60 61 58 63 62 66 65 64 69 67 73 71 68 79 72 74 77 75 82 76 78 70 83 81 80 85 86 84 87 89 91 88 92 93 95 98 90 96 97 105 102 94 100 104 103 99 106 107 109 101 108 110 114 112 111 115 116 119 117 113 118
Case #75: 1 2 5 7 6 3 10 4 11 8 12 9 15 13 14 16 21 17 18 19 27 20 22 23 24 25 28 26 29 30 31 32 36 33 34 37 41 35 40 39 38 42 45 44 43 47 49 50 53 56 51 52 46 48 58 59 54 60 63 57 64 65 67 69 61 62 55 66 68 70 75 71 73 72 74 76 79 77 78 80 87 81 82 83 86 84 89 96 93 94 98 97 90 99 101 100 92 91 88 95 85
Case #76: 3 4 2 15 6 1 5 7 10 9 11 12 13 8 14 17 21 16 20 18 23 22 24 27 19 25 26 30 32 36 28 31 33 34 29 35 37 39 38 41 40 42 43 52 48 44 47 51 54 45 46 49 50 61 53 58 55 56 57 62 65 66 63 70 67 68 59 64 71 69 72 60 75 73 79 74 76 77 80 81 84 83 85 91 86 78 82 89 87 88 97 93 92 94 90 98 96 99 100 95 101 104 106 107 105 102 109 108 111 112 103 110 116 113 115 117 119 120 121 118 123 124 122 125 126 114 127 128 130 131 129 135 137 132 136 133 134
Case #77: 3 6 1 2 4 7 5 11 14 8 10 12 18 16 9 15 17 19 21 24 23 27 20 26 28 22 31 25 13 29 30 33 34 36 35 39 32 37 38 41 44 45 43 46 42 56 48 51 52 59 57 47 54 55 40 53 60 63 64 61 65 50 62 49 69 66 58 71 68 73 67 70 76 74 72 75 79 78 77 80 81 82 83 85 88 84 90 86 87 93 97 89 92 94 100 95 103 98 96 99 91 101 102 104 106 111 105 107 108 112 110 116 114 115 117 120 119 126 109 113 121 123 118 122 127 133 125 128 135 130 129 134 132 138 136 141 145 131 140 143 144 124 139 148 149 151 150 147 152 146 137 154 142 153
Case #78: 1 2 4 13 8 6 3 7 5 9 10 11 12 16 14 19 17 23 15 25 20 21 18 22 24 27 26 28 29 31 32 34 33 30 37 39 35 36 42 40 45 47 38 43 44 46 41 51 52 48 50 49 53 54 57 55 60 58 59 56 61 69 63 64 70 62 67 65 66 73 72 68 71 74 75 76 80 79 77 78 81 82 84 83 85 87 93 86 89 94 90 95 88 96 92 97 101 91 104 103 100 105 109 106 107 98 99 102 110 108 111 114 117 112 115 116 118 120 119 122 121 125 127 123 113 131 129 130 128 126 124
Case #79: 1 10 6 4 5 3 8 7 9 12 2 13 18 26 16 20 22 21 14 19 25 29 17 15 33 24 27 37 28 11 46 31 45 40 34 48 36 56 23 38 41 47 49 35 61 57 39 62 54 42 67 44 30 32 43 60 53 55 52 63 68 58 69 50 71 51 59 70 72 64 65 76 66 75 74 79 82 77 81 83 78 73 86 84 85 88 91 80 89 93 87 97 92 90 100 98 99 103 94 104 105 106 107 111 96 110 95 109 126 112 101 114 108 117 120 116 113 121 123 119 127 128 102 118 124 115 137 136 129 141 135 125 132 131 133 130 150 144 149 157 134 152 140 145 146 151 139 138 154 148 122 147 142 166 179 175 159 190 164 160 155 168 165 143 153 192 158 167 169 173 163 156 176 171 174 184 182 181 183 191 170 185 196 188 193 198 197 180 161 194 187 177 178 172 186 195 189 162
Case #80: 1 3 2 4 5 8 6 12 9 10 11 14 7 16 13 17 19 18 20 15 25 24 22 26 28 21 23 29 27 33 32 34 31 30 35 38 36 39 40 41 37 44 45 43 42 46 54 50 48 49 52 51 53 55 56 57 64 47 58 59 62 61 63 65 60 66 67 71 69 70 72 68 73 74 75 76 79 81 77 80 78 87 82 88 84 86 89 85 93 91 83 90 92 94 96 95 99 102 103 97 100 98 104 108 101 105 109 106 110 107 111 112 113 115 118 114 117 119 120 122 116 123 121 124 125 127 126 128 130 132 131 129 133 134 137 135 139 136 140 141 142 144 138 143 147 148 151 146 152 150 145 149
Case #81: 1 2 4 3 5 6 8 7 11 9 12 10 13 14 15 16 17 21 22 18 19 20 25 23 24 26 27 28 29 30 31 32 33 34 36 35 39 38 37 41 42 40 43 44 45 46 47 49 50 48 51 53 52 56 54 58 55 61 59 60 57 62 63 64 66 67 68 70 69 65 72 73 71 76 75 74 77 78 79 82 81 80 83 86 85 84 88 87 89 90 91 93 92 97 95 94 98 96 99 100 102 101 103 104 105 106 109 107 108 111 110 113 112 114 115 116 117 118 119 120 122 123 124 125 121 126 127 128 129 131 130 134 133 135 132 137 136 139 140 144 138 142 141 143 145 147 146 148 149 150 152 153 151 154 156 155 157 158 160 159 161 162 164 163 165 167 166 168 169 170 171 172 173 175 174 176 177 178 179 180 181 186 184 182 183 187 185
Case #82: 1 2 3 4 5 6 7 8 9 10 11 12 13 14 15 16 17 18 19 21 20 22 23 25 24 26 28 27 29 30 31 32 33 34 35 36 37 38 39 40 41 42 43 44 45 46 47 49 48 50 52 51 53 54 55 56 57 58 59 60 61 62 63 64 65 66 67 68 69 70 71 72 73 74 75 76 77 78 79 80 81 82 83 84 85 86 87 88 89 90 91 92 93 94 95 96 97 98 99 100 101 103 104 106 105 102
Case #83: 1 2 3 4 5 7 6 8 9 10 11 12 13 15 14 16 18 17 19 20 21 22 24 25 28 23 26 27 29 30 31 33 32 34 35 36 37 39 38 40 41 43 42 44 45 46 47 48 49 51 50 52 53 54 55 56 57 58 59 60 61 62 63 65 64 66 67 68 70 69 71 72 74 73 75 76 77 80 79 78 82 81 83 84 85 86 87 89 88 90 91 92 94 93 95 97 99 98 96 100 101 102 103 104 105 110 106 107 108 109 111 113 112 115 116 117 114 119 120 118 121 122 123 125 126 128 124 127 129 131 130 133 132 134 136 135 137 138 139 140 141 142 143 144 145 146 147 148 149 151 152 150 153 154 155 157 156 158 159 160 161 162 163 165 164 166 167 168 169 170 171 172 173 174 176 175 177 178 179 180 181 182 183 184 185 186 187 188 189 190 194 192 195 191 193 196 197
Case #84: 2 1 3 5 4 6 8 9 7 11 10 14 12 13 15 17 18 20 29 16 21 22 24 26 23 19 25 27 28 30 31 33 34 32 35 38 37 36 40 39 41 43 42 49 48 44 45 46 47 50 57 58 52 51 60 55 53 56 54 61 64 62 59 66 63 68 65 69 67 71 72 73 74 75 76 70 78 77 80 79 82 83 81 84 85 86 87 88 89 92 95 90 91 93 94 97 99 96 101 100 103 102 107 108 104 105 98 109 113 106 121 110 115 116 111 117 114 112 119 120 122 132 118 123 131 128 126 125 124 127 134 136 129 135 133 137 130
Case #85: 31 20 11 41 16 37 34 7 4 18 22 6 25 32 1 35 27 68 49 52 9 28 30 8 15 54 3 39 38 19 46 60 131 61 2 66 75 56 191 14 64 93 100 85 181 24 42 47 73 79 80 89 23 26 184 48 112 125 58 72 99 156 57 124 29 187 70 104 90 102 45 81 33 74 65 82 182 94 119 101 141 43 83 69 10 188 158 98 171 86 173 151 111 53 13 134 120 12 126 108 154 145 174 162 186 140 36 62 168 103 109 166 143 5 159 63 189 132 137 123 91 150 105 165 129 84 44 76 67 87 78 51 106 92 59 149 147 138 128 139 114 175 176 96 148 88 118 55 155 107 172 183 17 21 95 71 152 113 180 192 122 116 117 77 127 160 161 121 190 133 115 179 185 163 167 170 169 177 142 50 164 136 130 146 153 157 40 135 178 144 110 97
Case #86: 1 2 3 4 5 6 7 8 9 10 11 12 13 14 15 16 17 18 19 20 21 22 23 24 25 26 27 28 29 30 31 32 33 34 35 36 37 38 39 40 41 42 43 44 45 46 47 48 49 50 51 52 53 54 55 56 58 57 59 60 61 62 63 64 65 66 67 68 69 70 71 72 73 74 75 76 77 79 78 80 81 82 83 84 85 86 87 88 89 90 91 92 93 94 95 96 97 98 99 100 101 102 103 104 105 106 107 108 109 110 111 112 113 114 115 116 117 118 119 120 121 122 123 124 125 126 127 128 129 130 131 132 133 135 134 136 137 138 139 140 141 142 143 144 145 146 147 148 149 150 151 152 153 154 155 156 157 158 159 160 161 162 163 165 164 166 167 168 169 170 171 172 173 174 175 176 177 178 179 180 181 182 183 184 186 188 187 185
Case #87: 2 8 6 13 11 24 1 3 10 22 7 14 20 15 21 16 12 9 17 27 23 25 28 39 26 5 32 36 38 31 47 4 37 40 46 48 41 33 49 29 44 45 67 35 51 30 52 34 19 42 18 56 53 65 61 60 55 68 50 63 75 76 82 62 43 70 83 71 59 77 58 79 81 66 80 86 90 54 88 94 85 95 73 98 150 87 64 89 92 106 84 100 93 78 72 57 102 103 162 74 107 110 112 125 97 132 124 111 69 120 113 101 99 108 91 121 109 122 128 135 105 104 115 133 114 96 131 126 139 118 161 148 158 155 123 140 129 146 136 130 117 138 137 159 153 141 143 144 142 145 116 152 119 134 164 157 151 149 163 147 156 165 166 160 127 154
Case #88: 1 2 3 5 6 4 8 7 9 10 11 12 13 14 15 18 16 17 19 20 21 22 23 24 25 26 27 28 29 30 31 33 32 34 36 35 37 40 38 41 39 42 43 45 44 46 47 50 48 51 52 53 49 54 55 56 58 57 59 60 61 62 64 65 66 68 63 67 69 70 72 71 73 77 75 76 74 78 79 80 82 81 83 85 87 86 84 88 89 93 91 92 90 95 94 96 97 98 99 100 102 103 101 104 105 106 107 108 109 110 112 114 113 115 117 111 116 118 120 119 121 122 123 125 124 126 128 131 132 130 127 129 133 134 135 137 136 138 139 140 141 142 143 144 145 146 147 148 149 150 151 153 152 154 155 157 156 159 158 160 161 162 163 164 165 166 167 168 169 170 171 172 173 174 175 176 177 179 180 181 182 184 186 178 187 183 185
Case #89: 2 1 4 5 6 8 11 9 12 17 13 10 15 16 7 18 24 23 26 28 14 22 27 29 31 19 25 35 21 38 33 3 30 39 36 40 49 34 47 53 60 54 51 20 55 50 32 44 57 56 63 37 42 61 52 62 43 59 41 58 68 65 72 73 46 66 45 78 64 67 75 76 71 79 69 83 74 48 81 82 80 85 70 87 84 97 77 91 89 93 102 98 101 90 92 86 94 99 108 100 88 105 110 115 124 146 103 104 107 131 109 96 111 106 123 112 118 116 121 117 119 125 133 114 122 120 137 126 128 139 136 141 168 158 135 127 134 157 159 142 130 132 154 95 129 145 143 169 147 113 155 138 140 160 148 149 150 156 162 167 153 163 166 164 165 151 161 144 152
Case #90: 3 1 2 4 6 24 9 12 5 7 18 11 20 10 17 22 8 29 23 27 30 31 13 15 14 26 28 25 35 19 21 37 34 38 36 42 16 39 40 41 44 32 43 45 47 33 49 46 48 52 53 58 57 51 59 54 55 61 50 56 63 60 67 69 75 66 62 71 68 70 72 64 65 73 74 81 78 82 80 76 77 90 79 89 83 84 85 97 93 88 86 92 98 94 95 91 99 100 96 113 108 101 102 87 109 106 117 104 110 115 119 116 123 114 120 111 105 107 112 121 129 126 128 139 122 124 125 103 127 118 140 133 134 132 135 130 136 149 146 141 137 143 145 144 131 142 152 150 155 138 147 164 162 148 157 156 154 153 163 151 161 160 159 158
Case #91: 2 4 1 5 3 6 9 8 7 10 11 12 15 14 13 18 17 20 16 19 21 22 23 24 28 27 25 26 29 30 31 34 35 33 32 37 36 39 41 40 42 44 38 45 43 48 49 46 50 52 51 57 53 47 58 54 55 59 56 60 61 62 66 64 63 67 65 68 70 69 71 72 74 75 77 79 80 76 81 82 73 78 83 85 86 84 88 91 93 87 89 94 92 90 95 96 97 98 101 99 102 106 100 104 103 105 109 108 107 110 111 112 113 114 115 117 116 118 121 119 122 123 120 124 125 126 127 128 132 131 133 129 130 135 138 140 134 136 137 142 141 143 144 139 145 147 146 148 149 150 151 152 153 154 156 155 158 157 160 161 162 159 163 164 166 167 170 165 168 172 171 169 174 173 175 178 176 180 177 184 183 181 186 187 185 179 182 188 191 194 190 193 189 192 196 195
Case #92: 6 1 4 15 13 3 14 9 2 7 8 10 11 21 12 19 5 24 18 20 22 28 29 17 27 33 30 31 38 25 35 32 26 34 37 39 36 43 48 16 47 40 50 41 51 49 52 45 42 23 56 46 54 62 63 55 44 60 64 67 57 58 53 61 59 68 65 66 70 73 74 80 76 81 75 84 83 77 72 79 78 82 89 85 87 88 92 94 86 90 96 98 103 93 91 71 105 102 115 69 97 100 95 104 117 107 111 108 99 101 113 120 106 116 118 119 112 110 109 114
Case #93: 1 2 4 8 6 7 5 10 13 12 14 15 9 16 21 17 3 11 18 19 22 23 25 26 20 24 28 30 27 31 37 33 29 32 39 35 34 36 38 43 46 40 44 41 42 45 50 49 48 51 52 59 54 53 55 56 47 61 58 62 57 63 65 64 60 71 74 66 67 70 69 68 72 76 78 73 79 80 81 75 77 82 89 83 85 86 87 88 84 92 90 91 97 93 94 96 95 98 100 99 102 103 107 101 112 105 106 111 104 109 114 121 110 108 118 119 117 120 116 113 115 122
Case #94: 2 3 1 12 7 5 8 10 4 6 14 11 15 18 17 9 13 16 19 22 26 20 21 28 31 23 25 30 24 27 33 29 32 36 34 39 38 35 41 40 43 49 44 47 46 48 42 37 50 52 53 57 54 55 56 45 58 63 62 51 59 64 61 60 65 68 67 69 70 72 71 74 75 73 77 78 76 79 80 81 82 66 84 85 87 88 94 86 90 83 89 92 96 93 91 99 97 95 98 101 100 102 103 105 106 107 108 109 110 111 112 104 114 113 117 115 118 116 119 122 121 123 126 131 127 128 125 129 120 132 134 138 139 136 130 135 141 142 133 150 137 145 124 146 140 147 151 152 144 153 149 155 154 156 143 158 161 148 157 159 160 164 163 162 165 167 166 171 168 169 170 172 173 177 175 182 176 178 174 185 187 180 181 188 183 186 179 184
Case #95: 29 3 1 7 25 78 4 35 6 26 11 22 46 20 41 5 104 13 37 18 38 8 70 51 30 32 33 61 47 27 82 14 53 49 68 31 113 16 124 12 109 55 65 19 66 10 185 57 93 45 79 100 23 59 89 54 142 88 39 98 84 166 83 110 119 169 43 21 44 36 195 50 56 67 15 73 99 58 77 80 28 85 111 120 148 86 116 143 72 180 159 126 153 125 133 34 40 175 198 90 122 48 136 105 81 62 17 60 96 101 157 107 138 154 118 150 197 193 149 179 196 76 141 156 95 97 117 42 64 106 162 177 92 168 186 171 187 24 63 2 172 194 152 52 102 69 135 173 114 103 160 108 71 140 199 190 115 75 130 129 112 123 158 176 146 134 9 91 94 132 183 145 127 87 189 121 164 161 167 74 147 128 191 155 131 188 200 192 181 139 178 137 151 174 144 165 163 170 182 184
Case #96: 1 3 2 4 5 7 6 8 9 10 11 12 13 14 15 16 18 17 20 19 21 23 22 24 26 25 27 28 29 30 31 32 33 34 35 36 37 38 39 41 40 42 43 44 45 46 47 48 49 50 51 52 53 54 55 57 56 58 59 60 61 62 63 64 65 66 67 68 69 71 70 73 72 74 75 76 77 79 78 80 81 82 83 84 85 86 87 89 90 88 91 92 93 94 96 95 97 98 99 100 104 101 102 103 105 106 107 108 109 110 111 112 114 113 115 116 117 119 118 123 120 121 122 124 125 126 127 128 129 130 131 132 133 134 135 136 137 138 139 140 141 142 143 144 145 146 147 148 149 150 151 152 154 153 156 155 157 158 160 161 159 162 163 164 165 166 167 168 169 170 171 172 173 174 176 175 177 178 179 180 182 181 184 183 187 185 186 190 193 188 192 189 191
Case #97: 1 2 6 7 8 3 9 10 12 5 4 11 13 15 14 17 16 18 19 20 21 22 23 27 25 24 26 28 29 33 30 31 32 34 35 36 37 38 41 39 40 43 42 44 45 46 47 48 51 49 50 52 53 54 55 58 57 59 56 60 62 61 66 63 64 65 67 68 70 69 71 72 73 75 74 76 77 78 79 83 80 81 82 84 85 87 86 90 88 91 92 89 95 93 99 98 100 103 96 97 102 94 101 104 105 106 107 108 109 111 110 112 114 113 115 116 117 119 118 120 121 122 123 124 128 127 129 126 130 125 131 133 132 134 135 138 136 139 142 143 140 144 137 141
Case #98: 3 1 4 6 10 2 7 8 11 12 16 14 13 9 19 18 21 15 17 22 20 25 31 26 30 24 34 32 5 33 23 28 37 27 42 36 38 43 44 39 53 41 45 46 40 55 47 29 50 51 57 60 48 52 56 59 64 58 62 67 65 63 61 66 68 70 35 49 77 76 71 72 74 79 80 69 84 73 85 75 91 81 93 86 94 83 82 78 87 100 98 92 88 99 112 105 103 107 54 89 110 96 95 115 101 97 102 111 116 104 90 109 113 118 117 122 124 114 120 108 123 126 130 119 127 106 121 128 125 134 135 131 132 133 137 129 136 138 139 142 146 140 144 153 145 157 143 147 152 154 160 161 156 163 164 165 170 148 149 155 167 150 158 151 141 172 168 159 166 175 162 173 171 169 174
Case #99: 2 6 8 12 13 7 11 9 3 10 1 15 14 18 4 19 16 20 17 22 21 24 28 27 23 39 30 26 31 5 29 32 37 33 34 25 35 41 40 42 38 36 43 49 51 47 48 53 46 54 44 55 45 52 50 58 59 56 57 63 60 64 65 62 68 66 67 71 69 61 76 72 77 73 78 82 80 83 84 70 87 75 74 86 88 90 94 89 91 95 99 85 98 103 96 79 92 93 97 100 101 102 81
Case #100: 1 2 3 4 5 6 7 8 9 10 11 12 13 14 15 16 17 18 19 20 21 22 23 24 25 26 27 28 29 30 31 32 33 34 35 36 37 38 39 40 42 41 43 44 45 46 47 48 49 50 51 52 53 54 55 56 57 58 59 60 61 62 63 64 65 66 67 68 69 71 70 73 72 74 75 76 77 78 79 80 82 81 83 84 85 86 87 88 89 90 91 93 92 94 95 96 97 98 99 100 101 102 103 104 105 106 107 108 110 109 111 112 113 114 115 116 117 118 119 120 121 122 123 127 125 124 128 129 126
Case #101: 25 37 65 79 92 94 97 101 103 104 105 106 107 108 109 110 102 111 113 114 115 116 117 118 119 120 121 122 123 124 125 126 127 129 130 131 132 133 134 135 136 137 138 139 140 141 142 143 144 145 146 147 148 149 150 151 152 154 155 156 157 158 160 161 164 165 166 167 168 169 170 171 172 173 174 175 176 177 178 179 180 181 182 183 184 185 186 187 188 189 190 191 192 193 194 195 197 198 199 200 1 2 3 4 5 6 7 8 9 10 11 12 13 14 15 16 17 18 19 20 21 22 23 24 26 27 28 29 30 31 32 33 34 35 36 38 39 40 41 42 43 44 45 46 47 48 49 50 51 52 53 54 55 56 57 58 59 60 61 62 63 64 66 67 68 69 70 71 72 73 74 75 76 77 78 80 81 82 83 84 85 86 87 88 89 90 91 93 95 96 112 153 98 99 128 163 159 100 196 162
