Case #1:
50
3 2 Alice
Case #2:
85
2 2 Charles
Case #3:
45
2 3 Bob
Case #4:
65
6 4 Charles
Case #5:
90
2 2 Charles
Case #6:
85
4 2 Alice
Case #7:
105
4 2 Bob
Case #8:
160
6 2 Charles
Case #9:
70
7 2 Alice
Case #10:
85
7 2 Bob
Case #11:
95
7 2 Charles
Case #12:
40
8 2 Alice
Case #13:
0
J 2 Charles
Case #14:
40
Q 2 Alice
Case #15:
50
K 2 Charles
Case #16:
55
A 2 Alice
Case #17:
75
Winner: Team 1
Case #18:
150
K 8 David
Case #19:
600
Winner: Team 2
Case #20:
0
Winner: Team 1
Case #21:
200
Winner: Team 1
Case #22:
200
Winner: Team 2
Case #23:
200
Winner: Team 1
Case #24:
1342177400
Winner: Team 2
